            --------------------------------------------------------
                             AMBER SQM VERSION 19
 
                                     By
              Ross C. Walker, Michael F. Crowley, Scott Brozell,
                         Tim Giese, Andreas W. Goetz,
                        Tai-Sung Lee and David A. Case
 
            --------------------------------------------------------
 

--------------------------------------------------------------------------------
  QM CALCULATION INFO
--------------------------------------------------------------------------------

| QMMM: Citation for AMBER QMMM Run:
| QMMM: R.C. Walker, M.F. Crowley and D.A. Case, J. COMP. CHEM. 29:1019, 2008

QMMM: SINGLET STATE CALCULATION
QMMM: RHF CALCULATION, NO. OF DOUBLY OCCUPIED LEVELS = 32

| QMMM: *** Selected Hamiltonian *** 
| QMMM: AM1         

| QMMM: *** Parameter sets in use ***
| QMMM: Zn: M.J.S.DEWAR et al. ORGANOMETALLICS, 7, 522, (1988)
| QMMM: C : M.J.S.DEWAR et al. JACS, 107, 3902, (1985)
| QMMM: N : M.J.S.DEWAR et al. JACS, 107, 3902, (1985)
| QMMM: H : M.J.S.DEWAR et al. JACS, 107, 3902, (1985)

| QMMM: *** SCF convergence criteria ***
| QMMM: Energy change                :  0.1D-09 kcal/mol
| QMMM: Error matrix |FP-PF|         :  0.1D+00 au
| QMMM: Density matrix change        :  0.5D-06
| QMMM: Maximum number of SCF cycles :     1000

| QMMM: *** Diagonalization Routine Information ***
| QMMM: Pseudo diagonalizations are allowed.
| QMMM: Auto diagonalization routine selection is in use.
| QMMM:
| QMMM: Timing diagonalization routines:
| QMMM:                              norbs =       62
| QMMM:    diag iterations used for timing =       15
| QMMM:
| QMMM:              Internal diag routine = 0.006363 seconds
| QMMM:                 Dspev diag routine = 0.010178 seconds
| QMMM:                Dspevd diag routine = 0.006492 seconds
| QMMM:                Dspevx diag routine = 0.024638 seconds
| QMMM:                 Dsyev diag routine = 0.007917 seconds
| QMMM:                Dsyevd diag routine = 0.004399 seconds
| QMMM:                Dsyevr diag routine = 0.006135 seconds
| QMMM:
| QMMM:                Pseudo diag routine = 0.001337 seconds
| QMMM:
| QMMM: Using dsyevd routine (diag_routine=6).

  QMMM: QM Region Cartesian Coordinates (*=link atom) 
  QMMM: QM_NO.   MM_NO.  ATOM         X         Y         Z
  QMMM:     1        1      Zn       9.2040    9.2040    8.5720
  QMMM:     2        2      C        7.1600    9.6150    6.3200
  QMMM:     3        3      N        6.0890    9.0910    5.6990
  QMMM:     4        4      N        7.6050    8.8740    7.3740
  QMMM:     5        5      C        5.8340    7.9340    6.4020
  QMMM:     6        6      C        6.7550    7.7920    7.4250
  QMMM:     7        7      C        7.8300   10.8820    5.8880
  QMMM:     8        8      H        5.0100    7.2730    6.1330
  QMMM:     9        9      H        6.8870    7.0080    8.1670
  QMMM:    10       10      H        7.8330   11.6400    6.6890
  QMMM:    11       11      H        8.8840   10.7120    5.6180
  QMMM:    12       12      H        7.2980   11.2880    5.0180
  QMMM:    13       13      C       11.2690    8.8250    6.3330
  QMMM:    14       14      N       12.3450    9.3590    5.7300
  QMMM:    15       15      N       10.8130    9.5520    7.3930
  QMMM:    16       16      C       12.5920   10.5070    6.4500
  QMMM:    17       17      C       11.6610   10.6340    7.4670
  QMMM:    18       18      C       10.6050    7.5640    5.8770
  QMMM:    19       19      H       13.4180   11.1720    6.1980
  QMMM:    20       20      H       11.5190   11.4080    8.2170
  QMMM:    21       21      H       10.5940    6.7950    6.6670
  QMMM:    22       22      H        9.5540    7.7370    5.5970
  QMMM:    23       23      H       11.1480    7.1700    5.0080

--------------------------------------------------------------------------------
  RESULTS
--------------------------------------------------------------------------------

      iter         sqm energy              rms gradient
      ----    -------------------    -----------------------
xmin    10      158.6804 kcal/mol        1.7793 kcal/(mol*A)
xmin    20      154.2487 kcal/mol        0.2922 kcal/(mol*A)
xmin    30      154.1055 kcal/mol        0.0639 kcal/(mol*A)
xmin    40      154.0683 kcal/mol        0.1221 kcal/(mol*A)
xmin    50      154.0520 kcal/mol        0.0314 kcal/(mol*A)
xmin    60      154.0461 kcal/mol        0.0247 kcal/(mol*A)
xmin    70      154.0402 kcal/mol        0.0655 kcal/(mol*A)
xmin    80      154.0379 kcal/mol        0.0139 kcal/(mol*A)
xmin    90      154.0374 kcal/mol        0.0320 kcal/(mol*A)
xmin   100      154.0369 kcal/mol        0.0068 kcal/(mol*A)
xmin   110      154.0367 kcal/mol        0.0145 kcal/(mol*A)
xmin   120      154.0366 kcal/mol        0.0278 kcal/(mol*A)
xmin   130      154.0365 kcal/mol        0.0031 kcal/(mol*A)
xmin   140      154.0364 kcal/mol        0.0134 kcal/(mol*A)
xmin   150      154.0363 kcal/mol        0.0027 kcal/(mol*A)
xmin   160      154.0363 kcal/mol        0.0070 kcal/(mol*A)
xmin   170      154.0363 kcal/mol        0.0023 kcal/(mol*A)
  ... geometry converged !
 
 Final MO eigenvalues (eV):
 -41.5629  -40.3907  -32.8565  -32.5696  -32.3954  -31.7662  -26.9943  -26.9333
 -21.8813  -21.8704  -20.4605  -20.4165  -17.5144  -17.3771  -15.8510  -15.7785
 -15.3772  -15.3721  -14.3628  -14.1365  -13.7847  -13.7619  -13.6798  -13.6309
 -13.4047  -13.1172  -11.2041  -11.1433  -10.6212  -10.5239   -8.9031   -8.8917
  -1.1262    0.6791    0.7942    1.8108    1.9416    2.0135    2.1127    2.5205
   2.9611    3.0146    3.1331    3.6778    3.7372    3.8455    3.8520    4.0336
   4.0392    4.2605    4.5221    4.5764    4.5927    4.6089    5.1651    5.2188
   5.5382    5.8356    5.8542    5.9759    6.8510    6.8557

 Heat of formation   =        154.03629101 kcal/mol  (        6.67951481 eV)

 Total SCF energy    =     -46503.65523720 kcal/mol  (    -2016.54981298 eV)
 Electronic energy   =    -231421.86401366 kcal/mol  (   -10035.20506542 eV)
 Core-core repulsion =     184918.20877646 kcal/mol  (     8018.65525244 eV)
 
    Atomic Charges for Step       1 :
  Atom    Element       Mulliken Charge
     1      Zn                 0.709
     2      C                 -0.108
     3      N                 -0.124
     4      N                 -0.307
     5      C                 -0.187
     6      C                 -0.147
     7      C                 -0.110
     8      H                  0.176
     9      H                  0.171
    10      H                  0.113
    11      H                  0.056
    12      H                  0.113
    13      C                 -0.108
    14      N                 -0.124
    15      N                 -0.307
    16      C                 -0.187
    17      C                 -0.147
    18      C                 -0.110
    19      H                  0.176
    20      H                  0.171
    21      H                  0.113
    22      H                  0.056
    23      H                  0.113
 Total Mulliken Charge =      -0.000
 
                  X        Y        Z     TOTAL  
  QM DIPOLE    -0.001    0.008    0.876    0.876
 
 Final Structure

  QMMM: QM Region Cartesian Coordinates (*=link atom) 
  QMMM: QM_NO.   MM_NO.  ATOM         X         Y         Z
  QMMM:     1        1      Zn       9.2129    9.2235    7.0353
  QMMM:     2        2      C        6.5781    9.5863    6.2791
  QMMM:     3        3      N        5.2680    9.2224    6.3147
  QMMM:     4        4      N        7.3896    8.7274    7.0620
  QMMM:     5        5      C        5.2246    8.1026    7.1396
  QMMM:     6        6      C        6.5208    7.7887    7.6053
  QMMM:     7        7      C        7.1798   10.7301    5.5372
  QMMM:     8        8      H        4.2879    7.5901    7.3532
  QMMM:     9        9      H        6.8566    6.9881    8.2628
  QMMM:    10       10      H        6.7286   11.6943    5.8824
  QMMM:    11       11      H        8.3061   10.7889    5.6942
  QMMM:    12       12      H        6.9858   10.6239    4.4401
  QMMM:    13       13      C       11.8490    8.8472    6.2907
  QMMM:    14       14      N       13.1591    9.2117    6.3223
  QMMM:    15       15      N       11.0361    9.7198    7.0567
  QMMM:    16       16      C       13.2010   10.3459    7.1274
  QMMM:    17       17      C       11.9039   10.6680    7.5850
  QMMM:    18       18      C       11.2487    7.6905    5.5681
  QMMM:    19       19      H       14.1372   10.8621    7.3336
  QMMM:    20       20      H       11.5669   11.4802    8.2275
  QMMM:    21       21      H       11.6993    6.7325    5.9312
  QMMM:    22       22      H       10.1221    7.6344    5.7239
  QMMM:    23       23      H       11.4448    7.7772    4.4697

           --------- Calculation Completed ----------

