
          -------------------------------------------------------
          Amber 24 SANDER                              2024
          -------------------------------------------------------

| Run on 05/07/2025 at 16:14:09

|   Executable path: sander
| Working directory: /home/baizh/data/amber/qmmm_pbe
|          Hostname: Unknown
  [-O]verwriting output

File Assignments:
|  MDIN: qmmm.in                                                               
| MDOUT: qmmm.out                                                              
|INPCRD: qmmm_hf.rst                                                           
|  PARM: ZnMim2.prmtop                                                         
|RESTRT: qmmm.rst                                                              
|  REFC: refc                                                                  
| MDVEL: mdvel                                                                 
| MDFRC: mdfrc                                                                 
|  MDEN: mden                                                                  
| MDCRD: qmmm.nc                                                               
|MDINFO: mdinfo                                                                
|  MTMD: mtmd                                                                  
|INPDIP: inpdip                                                                
|RSTDIP: rstdip                                                                
|INPTRA: inptraj                                                               


 Here is the input file:

MM MD simulation with constant pressure                                        
 &cntrl                                                                        
  imin=0,                                                                      
  irest=1, ntx=5,    ! 表示读取速度和重启信息                       
  ntb=2,                                                                       
  cut=8.0,                                                                     
  nstlim=10,      ! 继续再跑 50 ps（0.002 * 25000）                      
  dt=0.002,                                                                    
  ntc=2, ntf=2,                                                                
  tempi=300, temp0=300,                                                        
  ntt=3, gamma_ln=1.0,                                                         
  ntp=1, pres0=1.0, taup=2.0,                                                  
  ntpr=1, ntwx=1, ntwr=10,                                                     
  ifqnt=1,                                                                     
/                                                                              
                                                                               
&qmmm                                                                          
  qmmask=':1',       ! ZIF + 壳层残基编号                                
  qmcharge=0,                                                                  
  qm_theory='EXTERN',      ! 可用 semi-empirical 或 external（如 Gaussian）
  qmcut=8.0,                                                                   
  writepdb=1,                                                                  
  qmmm_int=1,                                                                  
  qm_ewald=0,                                                                  
/                                                                              
&orc                                                                           
  use_template=1,                                                              
/                                                                              
!&quick                                                                        
!  method='pbe',                                                               
!  basis='def2-tzvp',                                                          
!/                                                                             
                                                                               

--------------------------------------------------------------------------------
   1.  RESOURCE   USE: 
--------------------------------------------------------------------------------

| Flags:                                                                        
 getting box info from netcdf restart file
| NetCDF restart box info found
|Largest sphere to fit in unit cell has radius =    16.891
| New format PARM file being parsed.
| Version =    1.000 Date = 05/05/25 Time = 03:57:28
 NATOM  =    3551 NTYPES =      11 NBONH =    2362 MBONA  =     600
 NTHETH =    4136 MTHETA =      14 NPHIH =    1790 MPHIA  =      16
 NHPARM =       0 NPARM  =       0 NNB   =    9495 NRES   =     589
 NBONA  =     600 NTHETA =      14 NPHIA =      16 NUMBND =      11
 NUMANG =      15 NPTRA  =       6 NATYP =      12 NPHB   =       0
 IFBOX  =       1 NMXRS  =      23 IFCAP =       0 NEXTRA =       0
 NCOPY  =       0


|     Memory Use     Allocated
|     Real              818262
|     Hollerith          11244
|     Integer           215689
|     Max Pairs        1183666
|     nblistReal         42612
|     nblist Int        194285
|       Total            12994 kbytes

| Note: 1-4 EEL scale factors are being read from the topology file.

| Note: 1-4 VDW scale factors are being read from the topology file.
| Duplicated    0 dihedrals
| Duplicated    0 dihedrals
LOADING THE QUANTUM ATOMS AS GROUPS
     Mask :1; matches    23 atoms

     BOX TYPE: RECTILINEAR

--------------------------------------------------------------------------------
   2.  CONTROL  DATA  FOR  THE  RUN
--------------------------------------------------------------------------------

ZN                                                                              

General flags:
     imin    =       0, nmropt  =       0

Nature and format of input:
     ntx     =       5, irest   =       1, ntrx    =       1

Nature and format of output:
     ntxo    =       2, ntpr    =       1, ntrx    =       1, ntwr    =      10
     iwrap   =       0, ntwx    =       1, ntwv    =       0, ntwe    =       0
     ioutfm  =       1, ntwprt  =       0, idecomp =       0, rbornstat=      0

Potential function:
     ntf     =       2, ntb     =       2, igb     =       0, nsnb    =      25
     ipol    =       0, gbsa    =       0, iesp    =       0
     dielc   =   1.00000, cut     =   8.00000, intdiel =   1.00000

Frozen or restrained atoms:
     ibelly  =       0, ntr     =       0

Molecular dynamics:
     nstlim  =        10, nscm    =      1000, nrespa  =         1
     t       =   0.00000, dt      =   0.00200, vlimit  =  20.00000

Langevin dynamics temperature regulation:
     ig      =   71277
     temp0   = 300.00000, tempi   = 300.00000, gamma_ln=   1.00000

Pressure regulation:
     ntp     =       1
     pres0   =   1.00000, comp    =  44.60000, taup    =   2.00000

SHAKE:
     ntc     =       2, jfastw  =       0
     tol     =   0.00001

Ewald parameters:
     verbose =       0, ew_type =       0, nbflag  =       1, use_pme =       1
     vdwmeth =       1, eedmeth =       1, netfrc  =       1
     Box X =   34.176   Box Y =   33.783   Box Z =   33.948
     Alpha =   90.000   Beta  =   90.000   Gamma =   90.000
     NFFT1 =   36       NFFT2 =   36       NFFT3 =   36
     Cutoff=    8.000   Tol   =0.100E-04
     Ewald Coefficient =  0.34864
     Interpolation order =    4

QMMM options:
             ifqnt = True       nquant =       23
              qmgb =        0  qmcharge =        0   adjust_q =        2
              spin =        1     qmcut =   8.0000    qmshake =        1
          qmmm_int =        1
     lnk_atomic_no =        1   lnk_dis =   1.0900 lnk_method =        1
          qm_theory =     EXTERN verbosity =        0
            qmqmdx = Analytical
          qm_ewald =        0 qm_pme = False 
|  INFO: Old style inpcrd file read


--------------------------------------------------------------------------------
   3.  ATOMIC COORDINATES AND VELOCITIES
--------------------------------------------------------------------------------

ZN                                                                              
 begin time read from input coords =    55.200 ps

 Number of triangulated 3-point waters found:        0

     Sum of charges from parm topology file =   0.00000232
     Forcing neutrality...
QMMM: ADJUSTING CHARGES
QMMM: ----------------------------------------------------------------------
QMMM: adjust_q = 2
QMMM: Uniformly adjusting the charge of MM atoms to conserve total charge.
QMMM:                             qm_charge =    0
QMMM: QM atom RESP charge sum (inc MM link) =    0.000
QMMM: Adjusting each MM atom resp charge by =    0.000
QMMM:          Sum of MM + QM region is now =   -0.000
QMMM: ----------------------------------------------------------------------
|  # of SOLUTE  degrees of freedom (RNDFP):    8291.
|  # of SOLVENT degrees of freedom (RNDFS):       0.
|  QMSHAKE_NOSHAKEMASK_OVERLAP =      0
|  NDFMIN =    8291.     NUM_NOSHAKE =      0     CORRECTED RNDFP =    8291.
|  TOTAL # of degrees of freedom (RNDF) =    8291.
 ---------------------------------------------------
 APPROXIMATING switch and d/dx switch using CUBIC SPLINE INTERPOLATION
 using   5000.0 points per unit in tabled values
 TESTING RELATIVE ERROR over r ranging from 0.0 to cutoff
| CHECK switch(x): max rel err =   0.2738E-14   at   2.422500
| CHECK d/dx switch(x): max rel err =   0.8332E-11   at   2.782960
 ---------------------------------------------------
| Local SIZE OF NONBOND LIST =     662919
| TOTAL SIZE OF NONBOND LIST =     662919

QMMM: Link Atom Information
QMMM: ------------------------------------------------------------------------
QMMM: nlink =     0
QMMM: ------------------------------------------------------------------------

  QMMM: QM Region Cartesian Coordinates (*=link atom) 
  QMMM: QM_NO.   MM_NO.  ATOM         X         Y         Z
  QMMM:     1        1      Zn      -0.3683    0.2051    1.2879
  QMMM:     2        2      C       -1.0238   -0.9800   -1.1767
  QMMM:     3        3      N       -1.4717   -2.2270   -1.5497
  QMMM:     4        4      N       -1.2721   -0.7306    0.2365
  QMMM:     5        5      C       -2.1671   -2.7347   -0.2993
  QMMM:     6        6      C       -2.0832   -1.8324    0.6737
  QMMM:     7        7      C        0.1486   -0.0035   -1.9297
  QMMM:     8        8      H       -2.9027   -3.5263   -0.3506
  QMMM:     9        9      H       -2.5125   -1.8968    1.6645
  QMMM:    10       10      H        0.8574    0.2473   -1.1319
  QMMM:    11       11      H        0.5586   -0.4267   -2.8540
  QMMM:    12       12      H       -0.2294    0.9643   -2.2792
  QMMM:    13       13      C       -0.2317    2.7775    2.1916
  QMMM:    14       14      N        0.6761    3.5187    2.8223
  QMMM:    15       15      N        0.3797    1.8060    1.3747
  QMMM:    16       16      C        1.9855    2.9796    2.3784
  QMMM:    17       17      C        1.7577    2.0376    1.4638
  QMMM:    18       18      C       -1.9151    2.6124    2.1551
  QMMM:    19       19      H        2.9027    3.5263    2.5520
  QMMM:    20       20      H        2.4540    1.5729    0.7786
  QMMM:    21       21      H       -2.1223    2.3910    1.1017
  QMMM:    22       22      H       -2.0503    1.7788    2.8540
  QMMM:    23       23      H       -2.5928    3.4148    2.4691

--------------------------------------------------------------------------------
  3.1 QM CALCULATION INFO
--------------------------------------------------------------------------------

| Please also cite the following work for the use of the QM/MM interface:

| A. W. G"otz, M. A. Clark, R. C. Walker
| "An extensible interface for ab initio QM/MM molecular dynamics simulations
|  with AMBER"
| J. Comput. Chem. 35 (2014) 95-108.
| DOI: 10.1002/jcc.23444

 Constants for unit conversion taken from
 Mohr, Taylor, Newell, Rev. Mod. Phys. 80 (2008) 633-730
 and using the thermochemical calorie (1 cal = 4.184 J):

 A_TO_BOHRS  =  1.889726132873E+00
 AU_TO_KCAL  =  6.2750946943E+02
 AU_TO_DEBYE =  2.54174623E+00

   >>> Running QM calculation with Orca <<<

| Program orca found!
| Executable location: /home/baizh/orca_6_0_1/orca


| "NONE" or "-1" indicates ORCA default values

| &orc
|   basis        = SV(P)               
|   cbasis       = NONE                
|   jbasis       = NONE                
|   method       = blyp                
|   convkey      = verytightscf        
|   guess        = read                
|   scfconv      =   -1
|   grid         =    4
|   finalgrid    =    6
|   maxiter      =  100
|   maxcore      = 1024
|   ntpr         = 1
|   num_threads  = 1
|   debug        =  0
|   dipole       = F
|   use_template = T
| /
--------------------------------------------------------------------------------
   4.  RESULTS
--------------------------------------------------------------------------------

 NSTEP =        1   TIME(PS) =      55.202  TEMP(K) =   313.71  PRESS =  1201.5
 Etot   =  -1446337.3104  EKtot   =      2584.3245  EPtot      =  -1448921.6349
 BOND   =       200.5190  ANGLE   =      1109.6347  DIHED      =       175.3410
 1-4 NB =         0.0000  1-4 EEL =      3133.5558  VDWAALS    =     -1059.2418
 EELEC  =     -3874.4348  EHBOND  =         0.0000  RESTRAINT  =         0.0000
 EXTERNESCF=  -1448607.0087
 EKCMT  =       571.3002  VIRIAL  =      -445.4815  VOLUME     =     39194.4978
                                                    Density    =         0.8074
 Ewald error estimate:   0.1641E-03
 ------------------------------------------------------------------------------


 NSTEP =        2   TIME(PS) =      55.204  TEMP(K) =   317.79  PRESS =  1013.4
 Etot   =  -1446335.5901  EKtot   =      2617.9116  EPtot      =  -1448953.5018
 BOND   =       202.7761  ANGLE   =      1083.5218  DIHED      =       174.7852
 1-4 NB =         0.0000  1-4 EEL =      3135.6149  VDWAALS    =     -1065.0138
 EELEC  =     -3870.6141  EHBOND  =         0.0000  RESTRAINT  =         0.0000
 EXTERNESCF=  -1448614.5718
 EKCMT  =       570.9186  VIRIAL  =      -286.7336  VOLUME     =     39196.5964
                                                    Density    =         0.8074
 Ewald error estimate:   0.1827E-03
 ------------------------------------------------------------------------------


 NSTEP =        3   TIME(PS) =      55.206  TEMP(K) =   319.23  PRESS =   758.1
 Etot   =  -1446337.3677  EKtot   =      2629.7711  EPtot      =  -1448967.1388
 BOND   =       201.2075  ANGLE   =      1079.1272  DIHED      =       174.5405
 1-4 NB =         0.0000  1-4 EEL =      3137.3600  VDWAALS    =     -1071.7609
 EELEC  =     -3866.9759  EHBOND  =         0.0000  RESTRAINT  =         0.0000
 EXTERNESCF=  -1448620.6371
 EKCMT  =       573.7311  VIRIAL  =       -67.9191  VOLUME     =     39198.3663
                                                    Density    =         0.8073
 Ewald error estimate:   0.1590E-03
 ------------------------------------------------------------------------------


 NSTEP =        4   TIME(PS) =      55.208  TEMP(K) =   317.41  PRESS =   474.8
 Etot   =  -1446341.9383  EKtot   =      2614.7618  EPtot      =  -1448956.7001
 BOND   =       196.4528  ANGLE   =      1095.2431  DIHED      =       174.4980
 1-4 NB =         0.0000  1-4 EEL =      3138.2884  VDWAALS    =     -1077.9015
 EELEC  =     -3864.4635  EHBOND  =         0.0000  RESTRAINT  =         0.0000
 EXTERNESCF=  -1448618.8173
 EKCMT  =       574.6566  VIRIAL  =       172.7994  VOLUME     =     39199.6899
                                                    Density    =         0.8073
 Ewald error estimate:   0.1693E-03
 ------------------------------------------------------------------------------


 NSTEP =        5   TIME(PS) =      55.210  TEMP(K) =   315.62  PRESS =   235.5
 Etot   =  -1446346.2263  EKtot   =      2600.0804  EPtot      =  -1448946.3067
 BOND   =       191.5006  ANGLE   =      1108.9860  DIHED      =       174.6676
 1-4 NB =         0.0000  1-4 EEL =      3138.2754  VDWAALS    =     -1082.6761
 EELEC  =     -3862.7776  EHBOND  =         0.0000  RESTRAINT  =         0.0000
 EXTERNESCF=  -1448614.2825
 EKCMT  =       574.6326  VIRIAL  =       375.2951  VOLUME     =     39200.5183
                                                    Density    =         0.8073
 Ewald error estimate:   0.1994E-03
 ------------------------------------------------------------------------------


 NSTEP =        6   TIME(PS) =      55.212  TEMP(K) =   316.51  PRESS =   111.4
 Etot   =  -1446351.4647  EKtot   =      2607.3882  EPtot      =  -1448958.8529
 BOND   =       188.6940  ANGLE   =      1101.2096  DIHED      =       174.9201
 1-4 NB =         0.0000  1-4 EEL =      3137.6578  VDWAALS    =     -1086.7292
 EELEC  =     -3860.3750  EHBOND  =         0.0000  RESTRAINT  =         0.0000
 EXTERNESCF=  -1448614.2302
 EKCMT  =       577.3465  VIRIAL  =       483.0991  VOLUME     =     39200.9283
                                                    Density    =         0.8073
 Ewald error estimate:   0.1859E-03
 ------------------------------------------------------------------------------


 NSTEP =        7   TIME(PS) =      55.214  TEMP(K) =   318.72  PRESS =    88.6
 Etot   =  -1446359.3307  EKtot   =      2625.5558  EPtot      =  -1448984.8865
 BOND   =       189.8265  ANGLE   =      1081.0887  DIHED      =       175.3858
 1-4 NB =         0.0000  1-4 EEL =      3136.9015  VDWAALS    =     -1090.4087
 EELEC  =     -3857.4026  EHBOND  =         0.0000  RESTRAINT  =         0.0000
 EXTERNESCF=  -1448620.2778
 EKCMT  =       576.4604  VIRIAL  =       501.4691  VOLUME     =     39201.1212
                                                    Density    =         0.8073
 Ewald error estimate:   0.2186E-03
 ------------------------------------------------------------------------------


 NSTEP =        8   TIME(PS) =      55.216  TEMP(K) =   319.20  PRESS =   106.3
 Etot   =  -1446361.3397  EKtot   =      2629.5100  EPtot      =  -1448990.8497
 BOND   =       193.8705  ANGLE   =      1074.3937  DIHED      =       176.1044
 1-4 NB =         0.0000  1-4 EEL =      3136.0981  VDWAALS    =     -1093.2741
 EELEC  =     -3855.5036  EHBOND  =         0.0000  RESTRAINT  =         0.0000
 EXTERNESCF=  -1448622.5386
 EKCMT  =       576.0659  VIRIAL  =       486.0990  VOLUME     =     39201.2744
                                                    Density    =         0.8073
 Ewald error estimate:   0.1970E-03
 ------------------------------------------------------------------------------


 NSTEP =        9   TIME(PS) =      55.218  TEMP(K) =   317.17  PRESS =   119.2
 Etot   =  -1446360.6099  EKtot   =      2612.8361  EPtot      =  -1448973.4460
 BOND   =       196.5324  ANGLE   =      1088.0401  DIHED      =       177.1085
 1-4 NB =         0.0000  1-4 EEL =      3135.3399  VDWAALS    =     -1095.0233
 EELEC  =     -3856.6363  EHBOND  =         0.0000  RESTRAINT  =         0.0000
 EXTERNESCF=  -1448618.8072
 EKCMT  =       575.1949  VIRIAL  =       474.3357  VOLUME     =     39201.4585
                                                    Density    =         0.8073
 Ewald error estimate:   0.1179E-03
 ------------------------------------------------------------------------------


 NSTEP =       10   TIME(PS) =      55.220  TEMP(K) =   313.93  PRESS =   131.4
 Etot   =  -1446362.0466  EKtot   =      2586.1636  EPtot      =  -1448948.2101
 BOND   =       196.0917  ANGLE   =      1110.0205  DIHED      =       178.0534
 1-4 NB =         0.0000  1-4 EEL =      3134.4239  VDWAALS    =     -1095.6086
 EELEC  =     -3860.4523  EHBOND  =         0.0000  RESTRAINT  =         0.0000
 EXTERNESCF=  -1448610.7387
 EKCMT  =       573.3676  VIRIAL  =       462.1168  VOLUME     =     39201.6651
                                                    Density    =         0.8073
 Ewald error estimate:   0.1125E-03
 ------------------------------------------------------------------------------


      A V E R A G E S   O V E R      10 S T E P S


 NSTEP =       10   TIME(PS) =      55.220  TEMP(K) =   316.93  PRESS =   424.0
 Etot   =  -1446349.3224  EKtot   =      2610.8303  EPtot      =  -1448960.1527
 BOND   =       195.7471  ANGLE   =      1093.1265  DIHED      =       175.5404
 1-4 NB =         0.0000  1-4 EEL =      3136.3516  VDWAALS    =     -1081.7638
 EELEC  =     -3862.9636  EHBOND  =         0.0000  RESTRAINT  =         0.0000
 EXTERNESCF=  -1448616.1910
 EKCMT  =       574.3674  VIRIAL  =       215.5080  VOLUME     =     39199.6116
                                                    Density    =         0.8073
 Ewald error estimate:   0.1706E-03
 ------------------------------------------------------------------------------


      R M S  F L U C T U A T I O N S


 NSTEP =       10   TIME(PS) =      55.220  TEMP(K) =     1.89  PRESS =   398.9
 Etot   =        10.3845  EKtot   =        15.5967  EPtot      =        19.1191
 BOND   =         4.5780  ANGLE   =        12.9969  DIHED      =         1.1384
 1-4 NB =         0.0000  1-4 EEL =         1.5376  VDWAALS    =        12.2596
 EELEC  =         5.9002  EHBOND  =         0.0000  RESTRAINT  =         0.0000
 EXTERNESCF=         4.6330
 EKCMT  =         1.9921  VIRIAL  =       339.3003  VOLUME     =         2.2809
                                                    Density    =         0.0000
 Ewald error estimate:   0.3246E-04
 ------------------------------------------------------------------------------


--------------------------------------------------------------------------------
   5.  TIMINGS
--------------------------------------------------------------------------------

|                Build the list             0.02 (76.11% of List )
|                Other                      0.00 (23.89% of List )
|             List time                  0.02 (19.06% of Nonbo)
|                   Short_ene time             0.07 (98.76% of Direc)
|                   Other                      0.00 ( 1.24% of Direc)
|                Direct Ewald time          0.07 (77.75% of Ewald)
|                Adjust Ewald time          0.00 ( 1.31% of Ewald)
|                Self Ewald time            0.00 ( 0.03% of Ewald)
|                   Fill Bspline coeffs        0.00 ( 5.87% of Recip)
|                   Fill charge grid           0.00 (14.63% of Recip)
|                   Scalar sum                 0.00 (18.28% of Recip)
|                   Grad sum                   0.00 (20.75% of Recip)
|                   FFT time                   0.01 (39.67% of Recip)
|                   Other                      0.00 ( 0.80% of Recip)
|                Recip Ewald time           0.02 (20.54% of Ewald)
|                Force Adjust               0.00 ( 0.02% of Ewald)
|                Virial junk                0.00 ( 0.10% of Ewald)
|                Other                      0.00 ( 0.25% of Ewald)
|             Ewald time                 0.09 (80.93% of Nonbo)
|             Other                      0.00 ( 0.01% of Nonbo)
|          Nonbond force              0.11 ( 0.04% of Force)
|          QMMM                     240.76 (100.0% of Force)
|       Force time               240.87 (100.0% of Runmd)
|    Runmd Time               240.88 (100.0% of Total)
|    Other                      0.07 ( 0.03% of Total)
| Total time               240.95 (100.0% of ALL  )

| Number of list builds   :          1

| Highest rstack allocated:     204115
| Highest istack allocated:       3551

| Final Performance Info:
| -----------------------------------------------------
| Average timings for all steps:
|     Elapsed(s) =     240.88 Per Step(ms) =   24088.17
|         ps/day =      7.174   seconds/ps =   12044.09
| -----------------------------------------------------

|           Job began  at 16:14:09.040  on 05/07/2025
|           Setup done at 16:14:09.110  on 05/07/2025
|           Run   done at 16:18:09.992  on 05/07/2025
|     wallclock() was called     605 times

|3D-RISM memory allocation summary
|Type          Maximum        Current   
|Integer       0.00000 GB     0.00000 GB
|Real          0.00000 GB     0.00000 GB
|Logical       0.00000 GB     0.00000 GB
|Character     0.00000 GB     0.00000 GB
|---------------------------------------
|Total         0.00000 GB     0.00000 GB
