
          -------------------------------------------------------
          Amber 24 SANDER                              2024
          -------------------------------------------------------

| Run on 05/06/2025 at 02:27:48

|   Executable path: sander
| Working directory: /home/baizh/data/amber
|          Hostname: Unknown
  [-O]verwriting output

File Assignments:
|  MDIN: qmmm.in                                                               
| MDOUT: qmmm.out                                                              
|INPCRD: md2.rst                                                               
|  PARM: ZnMim2.prmtop                                                         
|RESTRT: qmmm.rst                                                              
|  REFC: refc                                                                  
| MDVEL: mdvel                                                                 
| MDFRC: mdfrc                                                                 
|  MDEN: mden                                                                  
| MDCRD: qmmm.nc                                                               
|MDINFO: mdinfo                                                                
|  MTMD: mtmd                                                                  
|INPDIP: inpdip                                                                
|RSTDIP: rstdip                                                                
|INPTRA: inptraj                                                               


 Here is the input file:

MM MD simulation with constant pressure                                        
 &cntrl                                                                        
  imin=0,                                                                      
  irest=1, ntx=5,    ! 表示读取速度和重启信息                       
  ntb=2,                                                                       
  cut=8.0,                                                                     
  nstlim=100,      ! 继续再跑 50 ps（0.002 * 25000）                     
  dt=0.002,                                                                    
  ntc=2, ntf=2,                                                                
  tempi=300, temp0=300,                                                        
  ntt=3, gamma_ln=1.0,                                                         
  ntp=1, pres0=1.0, taup=2.0,                                                  
  ntpr=1, ntwx=1, ntwr=10,                                                     
  ifqnt=1,                                                                     
/                                                                              
                                                                               
&qmmm                                                                          
  qmmask=':1',       ! ZIF + 壳层残基编号                                
  qmcharge=0,                                                                  
  qm_theory='QUICK',      ! 可用 semi-empirical 或 external（如 Gaussian）
  qmcut=8.0,                                                                   
  writepdb=1,                                                                  
  qmmm_int=1,                                                                  
/                                                                              
&quick                                                                         
  method='hf',                                                                 
  basis='sto-3g',                                                              
/                                                                              
                                                                               

--------------------------------------------------------------------------------
   1.  RESOURCE   USE: 
--------------------------------------------------------------------------------

| Flags:                                                                        
 getting box info from netcdf restart file
| NetCDF restart box info found
|Largest sphere to fit in unit cell has radius =    16.881
| New format PARM file being parsed.
| Version =    1.000 Date = 05/05/25 Time = 03:57:28
 NATOM  =    3551 NTYPES =      11 NBONH =    2362 MBONA  =     600
 NTHETH =    4136 MTHETA =      14 NPHIH =    1790 MPHIA  =      16
 NHPARM =       0 NPARM  =       0 NNB   =    9495 NRES   =     589
 NBONA  =     600 NTHETA =      14 NPHIA =      16 NUMBND =      11
 NUMANG =      15 NPTRA  =       6 NATYP =      12 NPHB   =       0
 IFBOX  =       1 NMXRS  =      23 IFCAP =       0 NEXTRA =       0
 NCOPY  =       0


|     Memory Use     Allocated
|     Real              818262
|     Hollerith          11244
|     Integer           215689
|     Max Pairs        1183666
|     nblistReal         42612
|     nblist Int        194285
|       Total            12994 kbytes

| Note: 1-4 EEL scale factors are being read from the topology file.

| Note: 1-4 VDW scale factors are being read from the topology file.
| Duplicated    0 dihedrals
| Duplicated    0 dihedrals
LOADING THE QUANTUM ATOMS AS GROUPS
     Mask :1; matches    23 atoms

     BOX TYPE: RECTILINEAR

--------------------------------------------------------------------------------
   2.  CONTROL  DATA  FOR  THE  RUN
--------------------------------------------------------------------------------

ZN                                                                              

General flags:
     imin    =       0, nmropt  =       0

Nature and format of input:
     ntx     =       5, irest   =       1, ntrx    =       1

Nature and format of output:
     ntxo    =       2, ntpr    =       1, ntrx    =       1, ntwr    =      10
     iwrap   =       0, ntwx    =       1, ntwv    =       0, ntwe    =       0
     ioutfm  =       1, ntwprt  =       0, idecomp =       0, rbornstat=      0

Potential function:
     ntf     =       2, ntb     =       2, igb     =       0, nsnb    =      25
     ipol    =       0, gbsa    =       0, iesp    =       0
     dielc   =   1.00000, cut     =   8.00000, intdiel =   1.00000

Frozen or restrained atoms:
     ibelly  =       0, ntr     =       0

Molecular dynamics:
     nstlim  =       100, nscm    =      1000, nrespa  =         1
     t       =   0.00000, dt      =   0.00200, vlimit  =  20.00000

Langevin dynamics temperature regulation:
     ig      =   71277
     temp0   = 300.00000, tempi   = 300.00000, gamma_ln=   1.00000

Pressure regulation:
     ntp     =       1
     pres0   =   1.00000, comp    =  44.60000, taup    =   2.00000

SHAKE:
     ntc     =       2, jfastw  =       0
     tol     =   0.00001

Ewald parameters:
     verbose =       0, ew_type =       0, nbflag  =       1, use_pme =       1
     vdwmeth =       1, eedmeth =       1, netfrc  =       1
     Box X =   34.156   Box Y =   33.763   Box Z =   33.928
     Alpha =   90.000   Beta  =   90.000   Gamma =   90.000
     NFFT1 =   36       NFFT2 =   36       NFFT3 =   36
     Cutoff=    8.000   Tol   =0.100E-04
     Ewald Coefficient =  0.34864
     Interpolation order =    4

QMMM options:
             ifqnt = True       nquant =       23
              qmgb =        0  qmcharge =        0   adjust_q =        2
              spin =        1     qmcut =   8.0000    qmshake =        1
          qmmm_int =        1
     lnk_atomic_no =        1   lnk_dis =   1.0900 lnk_method =        1
          qm_theory = QUICK    verbosity =        0
            qmqmdx = Analytical
          qm_ewald =        1 qm_pme = True 
            kmaxqx =    8 kmaxqy =    8 kmaxqz =    8 ksqmaxq =  100
|  INFO: Old style inpcrd file read


--------------------------------------------------------------------------------
   3.  ATOMIC COORDINATES AND VELOCITIES
--------------------------------------------------------------------------------

ZN                                                                              
 begin time read from input coords =    55.000 ps

 Number of triangulated 3-point waters found:        0

     Sum of charges from parm topology file =   0.00000232
     Forcing neutrality...
QMMM: ADJUSTING CHARGES
QMMM: ----------------------------------------------------------------------
QMMM: adjust_q = 2
QMMM: Uniformly adjusting the charge of MM atoms to conserve total charge.
QMMM:                             qm_charge =    0
QMMM: QM atom RESP charge sum (inc MM link) =    0.000
QMMM: Adjusting each MM atom resp charge by =    0.000
QMMM:          Sum of MM + QM region is now =   -0.000
QMMM: ----------------------------------------------------------------------
|  # of SOLUTE  degrees of freedom (RNDFP):    8291.
|  # of SOLVENT degrees of freedom (RNDFS):       0.
|  QMSHAKE_NOSHAKEMASK_OVERLAP =      0
|  NDFMIN =    8291.     NUM_NOSHAKE =      0     CORRECTED RNDFP =    8291.
|  TOTAL # of degrees of freedom (RNDF) =    8291.
 ---------------------------------------------------
 APPROXIMATING switch and d/dx switch using CUBIC SPLINE INTERPOLATION
 using   5000.0 points per unit in tabled values
 TESTING RELATIVE ERROR over r ranging from 0.0 to cutoff
| CHECK switch(x): max rel err =   0.2738E-14   at   2.422500
| CHECK d/dx switch(x): max rel err =   0.8332E-11   at   2.782960
 ---------------------------------------------------
| Local SIZE OF NONBOND LIST =     663793
| TOTAL SIZE OF NONBOND LIST =     663793
 cew: Checking partial charges. Modifications will be made if necessary.
 cew: On input, the following charge
 information was found.
 cew: Sum of all partial charges:         -0.00000
 cew: Sum of qmmask partial charges:       0.00000
 cew: Sum of link atom partial charges:    0.00000
 cew: Sum of MM partial charges:          -0.00000
 cew: Expected sum of qmmask charges:      0
 cew: Expected sum of link atom charges:   0.00000
 cew: Each QM atom charge shifted by  -0.00000 so the underlying MM charges match the qmcharge
 cew: Charge information after modifications.
 cew: Sum of all partial charges:         -0.00000
 cew: Sum of qmmask partial charges:       0.00000
 cew: Sum of link atom partial charges:    0.00000
 cew: Sum of MM partial charges:          -0.00000

 NSTEP =        1   TIME(PS) =      55.002  TEMP(K) =   301.90  PRESS =  -650.6
 Etot   =  -1426693.9114  EKtot   =      2487.0495  EPtot      =  -1429180.9609
 BOND   =       201.5466  ANGLE   =      1072.8396  DIHED      =       182.4259
 1-4 NB =         0.0000  1-4 EEL =      3135.7328  VDWAALS    =     -1168.0660
 EELEC  =     -3677.3903  EHBOND  =         0.0000  RESTRAINT  =         0.0000
 QUICKESCF=  -1428928.0496
 EKCMT  =       538.4133  VIRIAL  =      1088.0428  VOLUME     =     39125.4926
                                                    Density    =         0.8088
 Ewald error estimate:   0.2681E-04
 ------------------------------------------------------------------------------


 NSTEP =        2   TIME(PS) =      55.004  TEMP(K) =   305.35  PRESS =  -361.1
 Etot   =  -1426698.9686  EKtot   =      2515.4716  EPtot      =  -1429214.4402
 BOND   =       188.3441  ANGLE   =      1070.7638  DIHED      =       183.3543
 1-4 NB =         0.0000  1-4 EEL =      3133.4888  VDWAALS    =     -1166.4799
 EELEC  =     -3672.2998  EHBOND  =         0.0000  RESTRAINT  =         0.0000
 QUICKESCF=  -1428951.6116
 EKCMT  =       536.2618  VIRIAL  =       841.3049  VOLUME     =     39124.3555
                                                    Density    =         0.8089
 Ewald error estimate:   0.8513E-04
 ------------------------------------------------------------------------------


 NSTEP =        3   TIME(PS) =      55.006  TEMP(K) =   306.99  PRESS =   -53.5
 Etot   =  -1426700.9382  EKtot   =      2528.9784  EPtot      =  -1429229.9166
 BOND   =       174.4169  ANGLE   =      1087.7553  DIHED      =       184.4699
 1-4 NB =         0.0000  1-4 EEL =      3131.7316  VDWAALS    =     -1165.2022
 EELEC  =     -3671.5857  EHBOND  =         0.0000  RESTRAINT  =         0.0000
 QUICKESCF=  -1428971.5024
 EKCMT  =       533.6578  VIRIAL  =       578.8577  VOLUME     =     39123.7236
                                                    Density    =         0.8089
 Ewald error estimate:   0.7862E-05
 ------------------------------------------------------------------------------


 NSTEP =        4   TIME(PS) =      55.008  TEMP(K) =   305.35  PRESS =   173.7
 Etot   =  -1426704.3797  EKtot   =      2515.4302  EPtot      =  -1429219.8099
 BOND   =       169.8298  ANGLE   =      1112.0288  DIHED      =       185.5483
 1-4 NB =         0.0000  1-4 EEL =      3130.6569  VDWAALS    =     -1164.7716
 EELEC  =     -3676.7333  EHBOND  =         0.0000  RESTRAINT  =         0.0000
 QUICKESCF=  -1428976.3688
 EKCMT  =       532.3185  VIRIAL  =       385.6087  VOLUME     =     39123.6285
                                                    Density    =         0.8089
 Ewald error estimate:   0.5746E-04
 ------------------------------------------------------------------------------


 NSTEP =        5   TIME(PS) =      55.010  TEMP(K) =   302.78  PRESS =   304.8
 Etot   =  -1426710.8938  EKtot   =      2494.3125  EPtot      =  -1429205.2063
 BOND   =       178.3736  ANGLE   =      1124.9781  DIHED      =       186.5734
 1-4 NB =         0.0000  1-4 EEL =      3130.4611  VDWAALS    =     -1166.1796
 EELEC  =     -3685.9295  EHBOND  =         0.0000  RESTRAINT  =         0.0000
 QUICKESCF=  -1428973.4835
 EKCMT  =       529.8187  VIRIAL  =       272.3708  VOLUME     =     39123.9298
                                                    Density    =         0.8089
 Ewald error estimate:   0.1581E-03
 ------------------------------------------------------------------------------


 NSTEP =        6   TIME(PS) =      55.012  TEMP(K) =   303.15  PRESS =   374.2
 Etot   =  -1426710.2694  EKtot   =      2497.2861  EPtot      =  -1429207.5555
 BOND   =       193.9443  ANGLE   =      1115.8235  DIHED      =       187.5703
 1-4 NB =         0.0000  1-4 EEL =      3131.0485  VDWAALS    =     -1169.9430
 EELEC  =     -3696.2100  EHBOND  =         0.0000  RESTRAINT  =         0.0000
 QUICKESCF=  -1428969.7892
 EKCMT  =       531.4642  VIRIAL  =       215.3704  VOLUME     =     39124.4599
                                                    Density    =         0.8089
 Ewald error estimate:   0.2826E-03
 ------------------------------------------------------------------------------


 NSTEP =        7   TIME(PS) =      55.014  TEMP(K) =   305.62  PRESS =   413.9
 Etot   =  -1426707.0605  EKtot   =      2517.6530  EPtot      =  -1429224.7135
 BOND   =       205.4674  ANGLE   =      1094.1274  DIHED      =       188.4394
 1-4 NB =         0.0000  1-4 EEL =      3132.1439  VDWAALS    =     -1174.1242
 EELEC  =     -3704.9903  EHBOND  =         0.0000  RESTRAINT  =         0.0000
 QUICKESCF=  -1428965.7770
 EKCMT  =       534.0522  VIRIAL  =       184.4318  VOLUME     =     39125.1111
                                                    Density    =         0.8089
 Ewald error estimate:   0.1557E-03
 ------------------------------------------------------------------------------


 NSTEP =        8   TIME(PS) =      55.016  TEMP(K) =   307.14  PRESS =   425.3
 Etot   =  -1426707.1964  EKtot   =      2530.2278  EPtot      =  -1429237.4242
 BOND   =       206.9755  ANGLE   =      1082.5413  DIHED      =       189.4227
 1-4 NB =         0.0000  1-4 EEL =      3133.3699  VDWAALS    =     -1177.3932
 EELEC  =     -3711.0566  EHBOND  =         0.0000  RESTRAINT  =         0.0000
 QUICKESCF=  -1428961.2838
 EKCMT  =       537.5602  VIRIAL  =       178.2871  VOLUME     =     39125.8315
                                                    Density    =         0.8088
 Ewald error estimate:   0.1685E-03
 ------------------------------------------------------------------------------


 NSTEP =        9   TIME(PS) =      55.018  TEMP(K) =   306.59  PRESS =   400.1
 Etot   =  -1426710.3462  EKtot   =      2525.6917  EPtot      =  -1429236.0379
 BOND   =       200.0039  ANGLE   =      1093.6618  DIHED      =       190.6460
 1-4 NB =         0.0000  1-4 EEL =      3134.5328  VDWAALS    =     -1179.5116
 EELEC  =     -3715.0828  EHBOND  =         0.0000  RESTRAINT  =         0.0000
 QUICKESCF=  -1428960.2880
 EKCMT  =       539.3748  VIRIAL  =       201.3543  VOLUME     =     39126.5719
                                                    Density    =         0.8088
 Ewald error estimate:   0.2600E-03
 ------------------------------------------------------------------------------


 NSTEP =       10   TIME(PS) =      55.020  TEMP(K) =   305.02  PRESS =   330.6
 Etot   =  -1426710.4501  EKtot   =      2512.7363  EPtot      =  -1429223.1864
 BOND   =       191.5053  ANGLE   =      1119.2886  DIHED      =       192.2121
 1-4 NB =         0.0000  1-4 EEL =      3135.2116  VDWAALS    =     -1181.2191
 EELEC  =     -3716.0130  EHBOND  =         0.0000  RESTRAINT  =         0.0000
 QUICKESCF=  -1428964.1719
 EKCMT  =       542.2947  VIRIAL  =       263.0373  VOLUME     =     39127.2684
                                                    Density    =         0.8088
 Ewald error estimate:   0.1850E-03
 ------------------------------------------------------------------------------


 NSTEP =       11   TIME(PS) =      55.022  TEMP(K) =   303.20  PRESS =   218.0
 Etot   =  -1426709.1645  EKtot   =      2497.6967  EPtot      =  -1429206.8612
 BOND   =       187.6445  ANGLE   =      1138.6532  DIHED      =       193.9910
 1-4 NB =         0.0000  1-4 EEL =      3135.4128  VDWAALS    =     -1182.6134
 EELEC  =     -3712.2337  EHBOND  =         0.0000  RESTRAINT  =         0.0000
 QUICKESCF=  -1428967.7157
 EKCMT  =       545.4314  VIRIAL  =       361.2497  VOLUME     =     39127.8435
                                                    Density    =         0.8088
 Ewald error estimate:   0.2552E-03
 ------------------------------------------------------------------------------


 NSTEP =       12   TIME(PS) =      55.024  TEMP(K) =   302.14  PRESS =    93.0
 Etot   =  -1426708.2889  EKtot   =      2488.9883  EPtot      =  -1429197.2772
 BOND   =       187.8585  ANGLE   =      1134.6195  DIHED      =       195.6389
 1-4 NB =         0.0000  1-4 EEL =      3135.1136  VDWAALS    =     -1183.2272
 EELEC  =     -3703.3961  EHBOND  =         0.0000  RESTRAINT  =         0.0000
 QUICKESCF=  -1428963.8845
 EKCMT  =       548.8975  VIRIAL  =       470.3482  VOLUME     =     39128.2222
                                                    Density    =         0.8088
 Ewald error estimate:   0.3064E-03
 ------------------------------------------------------------------------------


 NSTEP =       13   TIME(PS) =      55.026  TEMP(K) =   303.69  PRESS =     4.4
 Etot   =  -1426705.0591  EKtot   =      2501.7531  EPtot      =  -1429206.8122
 BOND   =       189.1261  ANGLE   =      1105.7814  DIHED      =       197.1023
 1-4 NB =         0.0000  1-4 EEL =      3134.7458  VDWAALS    =     -1183.7814
 EELEC  =     -3691.5987  EHBOND  =         0.0000  RESTRAINT  =         0.0000
 QUICKESCF=  -1428958.1876
 EKCMT  =       554.7490  VIRIAL  =       551.0566  VOLUME     =     39128.3827
                                                    Density    =         0.8088
 Ewald error estimate:   0.2856E-03
 ------------------------------------------------------------------------------


 NSTEP =       14   TIME(PS) =      55.028  TEMP(K) =   307.06  PRESS =     2.6
 Etot   =  -1426705.7014  EKtot   =      2529.5484  EPtot      =  -1429235.2498
 BOND   =       188.1017  ANGLE   =      1072.7870  DIHED      =       198.3412
 1-4 NB =         0.0000  1-4 EEL =      3134.4456  VDWAALS    =     -1184.8301
 EELEC  =     -3680.2261  EHBOND  =         0.0000  RESTRAINT  =         0.0000
 QUICKESCF=  -1428963.8691
 EKCMT  =       558.1635  VIRIAL  =       555.9934  VOLUME     =     39128.3886
                                                    Density    =         0.8088
 Ewald error estimate:   0.1755E-03
 ------------------------------------------------------------------------------


 NSTEP =       15   TIME(PS) =      55.030  TEMP(K) =   310.17  PRESS =    67.2
 Etot   =  -1426707.4791  EKtot   =      2555.1545  EPtot      =  -1429262.6336
 BOND   =       184.5713  ANGLE   =      1060.1767  DIHED      =       199.5228
 1-4 NB =         0.0000  1-4 EEL =      3134.5630  VDWAALS    =     -1186.4273
 EELEC  =     -3674.1692  EHBOND  =         0.0000  RESTRAINT  =         0.0000
 QUICKESCF=  -1428980.8708
 EKCMT  =       561.4418  VIRIAL  =       504.6580  VOLUME     =     39128.3914
                                                    Density    =         0.8088
 Ewald error estimate:   0.1863E-03
 ------------------------------------------------------------------------------


 NSTEP =       16   TIME(PS) =      55.032  TEMP(K) =   311.38  PRESS =   144.0
 Etot   =  -1426704.9339  EKtot   =      2565.1184  EPtot      =  -1429270.0523
 BOND   =       182.3414  ANGLE   =      1073.2288  DIHED      =       200.3731
 1-4 NB =         0.0000  1-4 EEL =      3135.3404  VDWAALS    =     -1188.0784
 EELEC  =     -3675.8747  EHBOND  =         0.0000  RESTRAINT  =         0.0000
 QUICKESCF=  -1428997.3827
 EKCMT  =       566.3808  VIRIAL  =       444.7346  VOLUME     =     39128.5069
                                                    Density    =         0.8088
 Ewald error estimate:   0.1778E-03
 ------------------------------------------------------------------------------


 NSTEP =       17   TIME(PS) =      55.034  TEMP(K) =   310.65  PRESS =   170.5
 Etot   =  -1426703.9430  EKtot   =      2559.0978  EPtot      =  -1429263.0407
 BOND   =       184.0209  ANGLE   =      1092.5803  DIHED      =       200.7023
 1-4 NB =         0.0000  1-4 EEL =      3136.8446  VDWAALS    =     -1190.2991
 EELEC  =     -3682.8813  EHBOND  =         0.0000  RESTRAINT  =         0.0000
 QUICKESCF=  -1429004.0083
 EKCMT  =       572.0142  VIRIAL  =       427.9355  VOLUME     =     39128.7564
                                                    Density    =         0.8088
 Ewald error estimate:   0.2442E-03
 ------------------------------------------------------------------------------


 NSTEP =       18   TIME(PS) =      55.036  TEMP(K) =   309.26  PRESS =   137.7
 Etot   =  -1426706.5040  EKtot   =      2547.6631  EPtot      =  -1429254.1670
 BOND   =       188.8212  ANGLE   =      1104.2003  DIHED      =       200.4461
 1-4 NB =         0.0000  1-4 EEL =      3138.5352  VDWAALS    =     -1192.2468
 EELEC  =     -3692.2223  EHBOND  =         0.0000  RESTRAINT  =         0.0000
 QUICKESCF=  -1429001.7008
 EKCMT  =       574.6150  VIRIAL  =       458.2596  VOLUME     =     39129.0523
                                                    Density    =         0.8088
 Ewald error estimate:   0.2822E-03
 ------------------------------------------------------------------------------


 NSTEP =       19   TIME(PS) =      55.038  TEMP(K) =   309.28  PRESS =    61.0
 Etot   =  -1426709.1339  EKtot   =      2547.7810  EPtot      =  -1429256.9149
 BOND   =       191.9575  ANGLE   =      1102.3409  DIHED      =       200.0208
 1-4 NB =         0.0000  1-4 EEL =      3139.9043  VDWAALS    =     -1192.6310
 EELEC  =     -3702.4320  EHBOND  =         0.0000  RESTRAINT  =         0.0000
 QUICKESCF=  -1428996.0755
 EKCMT  =       576.9820  VIRIAL  =       525.4661  VOLUME     =     39129.2909
                                                    Density    =         0.8088
 Ewald error estimate:   0.2661E-03
 ------------------------------------------------------------------------------


 NSTEP =       20   TIME(PS) =      55.040  TEMP(K) =   310.74  PRESS =   -53.4
 Etot   =  -1426709.8801  EKtot   =      2559.8096  EPtot      =  -1429269.6897
 BOND   =       189.6164  ANGLE   =      1097.6248  DIHED      =       199.4707
 1-4 NB =         0.0000  1-4 EEL =      3140.3841  VDWAALS    =     -1191.3271
 EELEC  =     -3714.1749  EHBOND  =         0.0000  RESTRAINT  =         0.0000
 QUICKESCF=  -1428991.2837
 EKCMT  =       580.4286  VIRIAL  =       625.5148  VOLUME     =     39129.3956
                                                    Density    =         0.8088
 Ewald error estimate:   0.3355E-03
 ------------------------------------------------------------------------------


 NSTEP =       21   TIME(PS) =      55.042  TEMP(K) =   312.06  PRESS =  -172.4
 Etot   =  -1426711.0429  EKtot   =      2570.7509  EPtot      =  -1429281.7938
 BOND   =       182.5668  ANGLE   =      1101.9375  DIHED      =       198.6311
 1-4 NB =         0.0000  1-4 EEL =      3139.6721  VDWAALS    =     -1188.6712
 EELEC  =     -3724.5754  EHBOND  =         0.0000  RESTRAINT  =         0.0000
 QUICKESCF=  -1428991.3547
 EKCMT  =       586.9035  VIRIAL  =       732.5533  VOLUME     =     39129.3007
                                                    Density    =         0.8088
 Ewald error estimate:   0.2368E-03
 ------------------------------------------------------------------------------


 NSTEP =       22   TIME(PS) =      55.044  TEMP(K) =   313.19  PRESS =  -275.2
 Etot   =  -1426712.7173  EKtot   =      2580.0131  EPtot      =  -1429292.7305
 BOND   =       175.9053  ANGLE   =      1113.6438  DIHED      =       197.4056
 1-4 NB =         0.0000  1-4 EEL =      3137.8190  VDWAALS    =     -1185.1371
 EELEC  =     -3731.7531  EHBOND  =         0.0000  RESTRAINT  =         0.0000
 QUICKESCF=  -1429000.6139
 EKCMT  =       591.3161  VIRIAL  =       823.7804  VOLUME     =     39128.9981
                                                    Density    =         0.8088
 Ewald error estimate:   0.3345E-03
 ------------------------------------------------------------------------------


 NSTEP =       23   TIME(PS) =      55.046  TEMP(K) =   313.45  PRESS =  -346.8
 Etot   =  -1426715.4690  EKtot   =      2582.1858  EPtot      =  -1429297.6548
 BOND   =       175.1669  ANGLE   =      1124.0617  DIHED      =       195.7397
 1-4 NB =         0.0000  1-4 EEL =      3135.4178  VDWAALS    =     -1181.2443
 EELEC  =     -3732.9160  EHBOND  =         0.0000  RESTRAINT  =         0.0000
 QUICKESCF=  -1429013.8807
 EKCMT  =       595.6090  VIRIAL  =       888.6197  VOLUME     =     39128.5162
                                                    Density    =         0.8088
 Ewald error estimate:   0.3293E-03
 ------------------------------------------------------------------------------


 NSTEP =       24   TIME(PS) =      55.048  TEMP(K) =   313.56  PRESS =  -408.3
 Etot   =  -1426717.5443  EKtot   =      2583.0387  EPtot      =  -1429300.5831
 BOND   =       182.0673  ANGLE   =      1116.6891  DIHED      =       193.6281
 1-4 NB =         0.0000  1-4 EEL =      3132.6622  VDWAALS    =     -1178.3104
 EELEC  =     -3727.2344  EHBOND  =         0.0000  RESTRAINT  =         0.0000
 QUICKESCF=  -1429020.0850
 EKCMT  =       599.9042  VIRIAL  =       944.8190  VOLUME     =     39127.9092
                                                    Density    =         0.8088
 Ewald error estimate:   0.3544E-03
 ------------------------------------------------------------------------------


 NSTEP =       25   TIME(PS) =      55.050  TEMP(K) =   314.08  PRESS =  -460.9
 Etot   =  -1426719.7512  EKtot   =      2587.3386  EPtot      =  -1429307.0898
 BOND   =       192.0282  ANGLE   =      1093.0237  DIHED      =       191.3808
 1-4 NB =         0.0000  1-4 EEL =      3130.1441  VDWAALS    =     -1177.1652
 EELEC  =     -3718.5953  EHBOND  =         0.0000  RESTRAINT  =         0.0000
 QUICKESCF=  -1429017.9059
 EKCMT  =       604.3640  VIRIAL  =       993.7093  VOLUME     =     39127.1949
                                                    Density    =         0.8088
 Ewald error estimate:   0.4569E-03
 ------------------------------------------------------------------------------


 NSTEP =       26   TIME(PS) =      55.052  TEMP(K) =   315.23  PRESS =  -440.8
 Etot   =  -1426723.4299  EKtot   =      2596.8533  EPtot      =  -1429320.2832
 BOND   =       199.9312  ANGLE   =      1073.4508  DIHED      =       189.1568
 1-4 NB =         0.0000  1-4 EEL =      3128.2163  VDWAALS    =     -1177.9934
 EELEC  =     -3711.0477  EHBOND  =         0.0000  RESTRAINT  =         0.0000
 QUICKESCF=  -1429021.9971
 EKCMT  =       608.6980  VIRIAL  =       981.0635  VOLUME     =     39126.3889
                                                    Density    =         0.8088
 Ewald error estimate:   0.3881E-03
 ------------------------------------------------------------------------------


 NSTEP =       27   TIME(PS) =      55.054  TEMP(K) =   316.12  PRESS =  -296.2
 Etot   =  -1426728.4303  EKtot   =      2604.1549  EPtot      =  -1429332.5852
 BOND   =       201.1883  ANGLE   =      1080.1172  DIHED      =       187.1098
 1-4 NB =         0.0000  1-4 EEL =      3127.5344  VDWAALS    =     -1179.7200
 EELEC  =     -3707.9219  EHBOND  =         0.0000  RESTRAINT  =         0.0000
 QUICKESCF=  -1429040.8931
 EKCMT  =       611.9854  VIRIAL  =       862.2306  VOLUME     =     39125.6180
                                                    Density    =         0.8088
 Ewald error estimate:   0.3410E-03
 ------------------------------------------------------------------------------


 NSTEP =       28   TIME(PS) =      55.056  TEMP(K) =   315.54  PRESS =   -57.5
 Etot   =  -1426731.8693  EKtot   =      2599.3988  EPtot      =  -1429331.2681
 BOND   =       194.3588  ANGLE   =      1113.0032  DIHED      =       185.2616
 1-4 NB =         0.0000  1-4 EEL =      3128.4774  VDWAALS    =     -1180.9304
 EELEC  =     -3708.3649  EHBOND  =         0.0000  RESTRAINT  =         0.0000
 QUICKESCF=  -1429063.0737
 EKCMT  =       615.8817  VIRIAL  =       664.4864  VOLUME     =     39125.0994
                                                    Density    =         0.8089
 Ewald error estimate:   0.3408E-03
 ------------------------------------------------------------------------------


 NSTEP =       29   TIME(PS) =      55.058  TEMP(K) =   314.57  PRESS =   195.0
 Etot   =  -1426731.6687  EKtot   =      2591.4369  EPtot      =  -1429323.1057
 BOND   =       182.9104  ANGLE   =      1141.2134  DIHED      =       183.6795
 1-4 NB =         0.0000  1-4 EEL =      3131.1456  VDWAALS    =     -1180.4511
 EELEC  =     -3710.2034  EHBOND  =         0.0000  RESTRAINT  =         0.0000
 QUICKESCF=  -1429071.4001
 EKCMT  =       623.3901  VIRIAL  =       458.6308  VOLUME     =     39124.9972
                                                    Density    =         0.8089
 Ewald error estimate:   0.3858E-03
 ------------------------------------------------------------------------------


 NSTEP =       30   TIME(PS) =      55.060  TEMP(K) =   314.34  PRESS =   392.9
 Etot   =  -1426732.9872  EKtot   =      2589.4880  EPtot      =  -1429322.4752
 BOND   =       173.2509  ANGLE   =      1141.0238  DIHED      =       182.3737
 1-4 NB =         0.0000  1-4 EEL =      3134.6772  VDWAALS    =     -1178.1857
 EELEC  =     -3713.3428  EHBOND  =         0.0000  RESTRAINT  =         0.0000
 QUICKESCF=  -1429062.2723
 EKCMT  =       624.5822  VIRIAL  =       292.6825  VOLUME     =     39125.3358
                                                    Density    =         0.8089
 Ewald error estimate:   0.4119E-03
 ------------------------------------------------------------------------------


 NSTEP =       31   TIME(PS) =      55.062  TEMP(K) =   316.09  PRESS =   547.1
 Etot   =  -1426732.1546  EKtot   =      2603.9111  EPtot      =  -1429336.0658
 BOND   =       169.7235  ANGLE   =      1111.6506  DIHED      =       181.5992
 1-4 NB =         0.0000  1-4 EEL =      3138.3711  VDWAALS    =     -1174.9055
 EELEC  =     -3718.2242  EHBOND  =         0.0000  RESTRAINT  =         0.0000
 QUICKESCF=  -1429044.2805
 EKCMT  =       628.8308  VIRIAL  =       166.6478  VOLUME     =     39126.0196
                                                    Density    =         0.8088
 Ewald error estimate:   0.3415E-03
 ------------------------------------------------------------------------------


 NSTEP =       32   TIME(PS) =      55.064  TEMP(K) =   318.47  PRESS =   659.3
 Etot   =  -1426732.6912  EKtot   =      2623.5032  EPtot      =  -1429356.1944
 BOND   =       173.5818  ANGLE   =      1076.6733  DIHED      =       181.5028
 1-4 NB =         0.0000  1-4 EEL =      3141.5165  VDWAALS    =     -1171.9529
 EELEC  =     -3725.5678  EHBOND  =         0.0000  RESTRAINT  =         0.0000
 QUICKESCF=  -1429031.9482
 EKCMT  =       631.9657  VIRIAL  =        74.9991  VOLUME     =     39126.9726
                                                    Density    =         0.8088
 Ewald error estimate:   0.4684E-03
 ------------------------------------------------------------------------------


 NSTEP =       33   TIME(PS) =      55.066  TEMP(K) =   318.72  PRESS =   759.5
 Etot   =  -1426733.5234  EKtot   =      2625.5475  EPtot      =  -1429359.0709
 BOND   =       182.1013  ANGLE   =      1069.0403  DIHED      =       181.9708
 1-4 NB =         0.0000  1-4 EEL =      3143.5157  VDWAALS    =     -1169.5261
 EELEC  =     -3732.3633  EHBOND  =         0.0000  RESTRAINT  =         0.0000
 QUICKESCF=  -1429033.8096
 EKCMT  =       633.7483  VIRIAL  =        -7.8834  VOLUME     =     39128.1214
                                                    Density    =         0.8088
 Ewald error estimate:   0.3572E-03
 ------------------------------------------------------------------------------


 NSTEP =       34   TIME(PS) =      55.068  TEMP(K) =   316.28  PRESS =   844.8
 Etot   =  -1426730.8058  EKtot   =      2605.4634  EPtot      =  -1429336.2691
 BOND   =       190.3836  ANGLE   =      1095.0697  DIHED      =       182.6914
 1-4 NB =         0.0000  1-4 EEL =      3143.9681  VDWAALS    =     -1166.7682
 EELEC  =     -3736.3072  EHBOND  =         0.0000  RESTRAINT  =         0.0000
 QUICKESCF=  -1429045.3064
 EKCMT  =       636.3841  VIRIAL  =       -77.3339  VOLUME     =     39129.4450
                                                    Density    =         0.8088
 Ewald error estimate:   0.4253E-03
 ------------------------------------------------------------------------------


 NSTEP =       35   TIME(PS) =      55.070  TEMP(K) =   313.11  PRESS =   870.2
 Etot   =  -1426727.4659  EKtot   =      2579.3755  EPtot      =  -1429306.8414
 BOND   =       191.5499  ANGLE   =      1131.5436  DIHED      =       183.3572
 1-4 NB =         0.0000  1-4 EEL =      3142.9837  VDWAALS    =     -1164.1962
 EELEC  =     -3735.1227  EHBOND  =         0.0000  RESTRAINT  =         0.0000
 QUICKESCF=  -1429056.9570
 EKCMT  =       634.7165  VIRIAL  =      -100.5197  VOLUME     =     39130.9176
                                                    Density    =         0.8087
 Ewald error estimate:   0.2938E-03
 ------------------------------------------------------------------------------


 NSTEP =       36   TIME(PS) =      55.072  TEMP(K) =   311.96  PRESS =   810.8
 Etot   =  -1426724.6250  EKtot   =      2569.9053  EPtot      =  -1429294.5303
 BOND   =       187.5803  ANGLE   =      1149.7185  DIHED      =       183.6999
 1-4 NB =         0.0000  1-4 EEL =      3140.9414  VDWAALS    =     -1162.0097
 EELEC  =     -3731.0710  EHBOND  =         0.0000  RESTRAINT  =         0.0000
 QUICKESCF=  -1429063.3897
 EKCMT  =       633.6117  VIRIAL  =       -51.4262  VOLUME     =     39132.4346
                                                    Density    =         0.8087
 Ewald error estimate:   0.8715E-04
 ------------------------------------------------------------------------------


 NSTEP =       37   TIME(PS) =      55.074  TEMP(K) =   314.38  PRESS =   657.8
 Etot   =  -1426722.4107  EKtot   =      2589.8462  EPtot      =  -1429312.2569
 BOND   =       180.8437  ANGLE   =      1135.0118  DIHED      =       183.8369
 1-4 NB =         0.0000  1-4 EEL =      3138.0177  VDWAALS    =     -1160.0921
 EELEC  =     -3727.4461  EHBOND  =         0.0000  RESTRAINT  =         0.0000
 QUICKESCF=  -1429062.4288
 EKCMT  =       631.0420  VIRIAL  =        75.1954  VOLUME     =     39133.8479
                                                    Density    =         0.8087
 Ewald error estimate:   0.1234E-03
 ------------------------------------------------------------------------------


 NSTEP =       38   TIME(PS) =      55.076  TEMP(K) =   317.67  PRESS =   427.5
 Etot   =  -1426722.7699  EKtot   =      2616.9403  EPtot      =  -1429339.7102
 BOND   =       176.9035  ANGLE   =      1103.5840  DIHED      =       183.7174
 1-4 NB =         0.0000  1-4 EEL =      3134.8404  VDWAALS    =     -1158.2253
 EELEC  =     -3726.9765  EHBOND  =         0.0000  RESTRAINT  =         0.0000
 QUICKESCF=  -1429053.5536
 EKCMT  =       629.4481  VIRIAL  =       268.1874  VOLUME     =     39134.9943
                                                    Density    =         0.8087
 Ewald error estimate:   0.1241E-03
 ------------------------------------------------------------------------------


 NSTEP =       39   TIME(PS) =      55.078  TEMP(K) =   319.42  PRESS =   179.7
 Etot   =  -1426723.9953  EKtot   =      2631.3914  EPtot      =  -1429355.3867
 BOND   =       177.2503  ANGLE   =      1079.1493  DIHED      =       183.5104
 1-4 NB =         0.0000  1-4 EEL =      3132.2024  VDWAALS    =     -1156.2089
 EELEC  =     -3730.4445  EHBOND  =         0.0000  RESTRAINT  =         0.0000
 QUICKESCF=  -1429040.8457
 EKCMT  =       625.7681  VIRIAL  =       473.9308  VOLUME     =     39135.7388
                                                    Density    =         0.8086
 Ewald error estimate:   0.1462E-03
 ------------------------------------------------------------------------------


 NSTEP =       40   TIME(PS) =      55.080  TEMP(K) =   319.42  PRESS =   -32.9
 Etot   =  -1426722.1117  EKtot   =      2631.3715  EPtot      =  -1429353.4831
 BOND   =       179.5942  ANGLE   =      1077.6475  DIHED      =       183.1618
 1-4 NB =         0.0000  1-4 EEL =      3130.6540  VDWAALS    =     -1154.7909
 EELEC  =     -3735.0463  EHBOND  =         0.0000  RESTRAINT  =         0.0000
 QUICKESCF=  -1429034.7033
 EKCMT  =       620.4959  VIRIAL  =       648.3172  VOLUME     =     39136.0507
                                                    Density    =         0.8086
 Ewald error estimate:   0.2999E-03
 ------------------------------------------------------------------------------


 NSTEP =       41   TIME(PS) =      55.082  TEMP(K) =   318.04  PRESS =  -187.6
 Etot   =  -1426721.0217  EKtot   =      2619.9699  EPtot      =  -1429340.9916
 BOND   =       182.3528  ANGLE   =      1095.5849  DIHED      =       182.7616
 1-4 NB =         0.0000  1-4 EEL =      3130.4296  VDWAALS    =     -1154.9620
 EELEC  =     -3739.9463  EHBOND  =         0.0000  RESTRAINT  =         0.0000
 QUICKESCF=  -1429037.2121
 EKCMT  =       615.6488  VIRIAL  =       774.1792  VOLUME     =     39135.9915
                                                    Density    =         0.8086
 Ewald error estimate:   0.3267E-03
 ------------------------------------------------------------------------------


 NSTEP =       42   TIME(PS) =      55.084  TEMP(K) =   315.86  PRESS =  -301.2
 Etot   =  -1426722.0035  EKtot   =      2602.0029  EPtot      =  -1429324.0064
 BOND   =       185.0689  ANGLE   =      1113.7825  DIHED      =       182.3015
 1-4 NB =         0.0000  1-4 EEL =      3131.3452  VDWAALS    =     -1157.2069
 EELEC  =     -3745.1004  EHBOND  =         0.0000  RESTRAINT  =         0.0000
 QUICKESCF=  -1429034.1971
 EKCMT  =       610.9228  VIRIAL  =       865.4641  VOLUME     =     39135.6623
                                                    Density    =         0.8086
 Ewald error estimate:   0.2237E-03
 ------------------------------------------------------------------------------


 NSTEP =       43   TIME(PS) =      55.086  TEMP(K) =   313.01  PRESS =  -363.8
 Etot   =  -1426722.0782  EKtot   =      2578.5278  EPtot      =  -1429300.6061
 BOND   =       188.8491  ANGLE   =      1124.0391  DIHED      =       181.8802
 1-4 NB =         0.0000  1-4 EEL =      3132.9839  VDWAALS    =     -1160.1425
 EELEC  =     -3751.7094  EHBOND  =         0.0000  RESTRAINT  =         0.0000
 QUICKESCF=  -1429016.5064
 EKCMT  =       607.2596  VIRIAL  =       914.6626  VOLUME     =     39135.1347
                                                    Density    =         0.8086
 Ewald error estimate:   0.2169E-03
 ------------------------------------------------------------------------------


 NSTEP =       44   TIME(PS) =      55.088  TEMP(K) =   311.07  PRESS =  -319.2
 Etot   =  -1426724.2572  EKtot   =      2562.5238  EPtot      =  -1429286.7810
 BOND   =       193.6402  ANGLE   =      1123.8287  DIHED      =       181.5936
 1-4 NB =         0.0000  1-4 EEL =      3134.7285  VDWAALS    =     -1162.6933
 EELEC  =     -3759.9415  EHBOND  =         0.0000  RESTRAINT  =         0.0000
 QUICKESCF=  -1428997.9372
 EKCMT  =       607.0093  VIRIAL  =       876.7109  VOLUME     =     39134.4980
                                                    Density    =         0.8087
 Ewald error estimate:   0.2499E-03
 ------------------------------------------------------------------------------


 NSTEP =       45   TIME(PS) =      55.090  TEMP(K) =   311.50  PRESS =  -159.0
 Etot   =  -1426727.1670  EKtot   =      2566.0781  EPtot      =  -1429293.2451
 BOND   =       197.5797  ANGLE   =      1117.8378  DIHED      =       181.4865
 1-4 NB =         0.0000  1-4 EEL =      3136.0863  VDWAALS    =     -1165.1301
 EELEC  =     -3767.3906  EHBOND  =         0.0000  RESTRAINT  =         0.0000
 QUICKESCF=  -1428993.7146
 EKCMT  =       601.8666  VIRIAL  =       736.2247  VOLUME     =     39133.9391
                                                    Density    =         0.8087
 Ewald error estimate:   0.2290E-03
 ------------------------------------------------------------------------------


 NSTEP =       46   TIME(PS) =      55.092  TEMP(K) =   314.41  PRESS =    67.7
 Etot   =  -1426725.8843  EKtot   =      2590.0750  EPtot      =  -1429315.9593
 BOND   =       197.8871  ANGLE   =      1108.9739  DIHED      =       181.5619
 1-4 NB =         0.0000  1-4 EEL =      3137.1250  VDWAALS    =     -1167.5834
 EELEC  =     -3772.0236  EHBOND  =         0.0000  RESTRAINT  =         0.0000
 QUICKESCF=  -1429001.9002
 EKCMT  =       600.6005  VIRIAL  =       543.3856  VOLUME     =     39133.6599
                                                    Density    =         0.8087
 Ewald error estimate:   0.8103E-04
 ------------------------------------------------------------------------------


 NSTEP =       47   TIME(PS) =      55.094  TEMP(K) =   317.66  PRESS =   276.0
 Etot   =  -1426724.9974  EKtot   =      2616.8130  EPtot      =  -1429341.8103
 BOND   =       193.4710  ANGLE   =      1102.0324  DIHED      =       181.8163
 1-4 NB =         0.0000  1-4 EEL =      3137.6133  VDWAALS    =     -1169.9299
 EELEC  =     -3771.7743  EHBOND  =         0.0000  RESTRAINT  =         0.0000
 QUICKESCF=  -1429015.0391
 EKCMT  =       604.7557  VIRIAL  =       371.5743  VOLUME     =     39133.7763
                                                    Density    =         0.8087
 Ewald error estimate:   0.4116E-04
 ------------------------------------------------------------------------------


 NSTEP =       48   TIME(PS) =      55.096  TEMP(K) =   320.47  PRESS =   366.6
 Etot   =  -1426727.0469  EKtot   =      2639.9966  EPtot      =  -1429367.0435
 BOND   =       186.1320  ANGLE   =      1093.5410  DIHED      =       182.3021
 1-4 NB =         0.0000  1-4 EEL =      3137.5746  VDWAALS    =     -1171.7101
 EELEC  =     -3768.5281  EHBOND  =         0.0000  RESTRAINT  =         0.0000
 QUICKESCF=  -1429026.3550
 EKCMT  =       605.3449  VIRIAL  =       295.5596  VOLUME     =     39134.2562
                                                    Density    =         0.8087
 Ewald error estimate:   0.8271E-04
 ------------------------------------------------------------------------------


 NSTEP =       49   TIME(PS) =      55.098  TEMP(K) =   322.42  PRESS =   319.8
 Etot   =  -1426730.1505  EKtot   =      2656.0982  EPtot      =  -1429386.2487
 BOND   =       179.4932  ANGLE   =      1083.0123  DIHED      =       183.1570
 1-4 NB =         0.0000  1-4 EEL =      3137.4177  VDWAALS    =     -1173.0076
 EELEC  =     -3765.1573  EHBOND  =         0.0000  RESTRAINT  =         0.0000
 QUICKESCF=  -1429031.1640
 EKCMT  =       607.5417  VIRIAL  =       337.3399  VOLUME     =     39134.8944
                                                    Density    =         0.8087
 Ewald error estimate:   0.3382E-04
 ------------------------------------------------------------------------------


 NSTEP =       50   TIME(PS) =      55.100  TEMP(K) =   322.21  PRESS =   210.2
 Etot   =  -1426731.2014  EKtot   =      2654.3410  EPtot      =  -1429385.5425
 BOND   =       178.3832  ANGLE   =      1078.8367  DIHED      =       184.1859
 1-4 NB =         0.0000  1-4 EEL =      3137.0813  VDWAALS    =     -1173.8727
 EELEC  =     -3761.6154  EHBOND  =         0.0000  RESTRAINT  =         0.0000
 QUICKESCF=  -1429028.5414
 EKCMT  =       609.0606  VIRIAL  =       431.4695  VOLUME     =     39135.4508
                                                    Density    =         0.8086
 Ewald error estimate:   0.2961E-04
 ------------------------------------------------------------------------------


 NSTEP =       51   TIME(PS) =      55.102  TEMP(K) =   319.10  PRESS =   135.3
 Etot   =  -1426730.2024  EKtot   =      2628.7065  EPtot      =  -1429358.9088
 BOND   =       182.8557  ANGLE   =      1092.0397  DIHED      =       185.1039
 1-4 NB =         0.0000  1-4 EEL =      3136.7608  VDWAALS    =     -1174.2984
 EELEC  =     -3758.1178  EHBOND  =         0.0000  RESTRAINT  =         0.0000
 QUICKESCF=  -1429023.2527
 EKCMT  =       613.7063  VIRIAL  =       499.3369  VOLUME     =     39135.8159
                                                    Density    =         0.8086
 Ewald error estimate:   0.1701E-04
 ------------------------------------------------------------------------------


 NSTEP =       52   TIME(PS) =      55.104  TEMP(K) =   314.20  PRESS =   154.6
 Etot   =  -1426726.0742  EKtot   =      2588.3829  EPtot      =  -1429314.4571
 BOND   =       190.4827  ANGLE   =      1120.0657  DIHED      =       185.6195
 1-4 NB =         0.0000  1-4 EEL =      3136.8367  VDWAALS    =     -1173.5972
 EELEC  =     -3754.6937  EHBOND  =         0.0000  RESTRAINT  =         0.0000
 QUICKESCF=  -1429019.1708
 EKCMT  =       613.7973  VIRIAL  =       483.1585  VOLUME     =     39136.0504
                                                    Density    =         0.8086
 Ewald error estimate:   0.1047E-04
 ------------------------------------------------------------------------------


 NSTEP =       53   TIME(PS) =      55.106  TEMP(K) =   310.89  PRESS =   270.9
 Etot   =  -1426725.1609  EKtot   =      2561.0743  EPtot      =  -1429286.2352
 BOND   =       196.0676  ANGLE   =      1136.5517  DIHED      =       185.7199
 1-4 NB =         0.0000  1-4 EEL =      3137.2638  VDWAALS    =     -1171.1795
 EELEC  =     -3753.8561  EHBOND  =         0.0000  RESTRAINT  =         0.0000
 QUICKESCF=  -1429016.8026
 EKCMT  =       615.4712  VIRIAL  =       386.5754  VOLUME     =     39136.3185
                                                    Density    =         0.8086
 Ewald error estimate:   0.5200E-04
 ------------------------------------------------------------------------------


 NSTEP =       54   TIME(PS) =      55.108  TEMP(K) =   311.91  PRESS =   433.6
 Etot   =  -1426726.8404  EKtot   =      2569.4514  EPtot      =  -1429296.2918
 BOND   =       195.3080  ANGLE   =      1123.2065  DIHED      =       185.3568
 1-4 NB =         0.0000  1-4 EEL =      3137.8842  VDWAALS    =     -1167.0879
 EELEC  =     -3756.3504  EHBOND  =         0.0000  RESTRAINT  =         0.0000
 QUICKESCF=  -1429014.6090
 EKCMT  =       612.7712  VIRIAL  =       246.3916  VOLUME     =     39136.7896
                                                    Density    =         0.8086
 Ewald error estimate:   0.4497E-04
 ------------------------------------------------------------------------------


 NSTEP =       55   TIME(PS) =      55.110  TEMP(K) =   315.94  PRESS =   601.2
 Etot   =  -1426725.7434  EKtot   =      2602.6554  EPtot      =  -1429328.3988
 BOND   =       189.2425  ANGLE   =      1094.1577  DIHED      =       184.7277
 1-4 NB =         0.0000  1-4 EEL =      3138.5912  VDWAALS    =     -1160.8403
 EELEC  =     -3762.9401  EHBOND  =         0.0000  RESTRAINT  =         0.0000
 QUICKESCF=  -1429011.3375
 EKCMT  =       610.2555  VIRIAL  =       102.2146  VOLUME     =     39137.5446
                                                    Density    =         0.8086
 Ewald error estimate:   0.2449E-04
 ------------------------------------------------------------------------------


 NSTEP =       56   TIME(PS) =      55.112  TEMP(K) =   319.52  PRESS =   744.5
 Etot   =  -1426725.5971  EKtot   =      2632.1786  EPtot      =  -1429357.7757
 BOND   =       180.5083  ANGLE   =      1073.6768  DIHED      =       183.7015
 1-4 NB =         0.0000  1-4 EEL =      3138.9672  VDWAALS    =     -1152.3941
 EELEC  =     -3773.6313  EHBOND  =         0.0000  RESTRAINT  =         0.0000
 QUICKESCF=  -1429008.6042
 EKCMT  =       608.8594  VIRIAL  =       -20.2901  VOLUME     =     39138.5923
                                                    Density    =         0.8086
 Ewald error estimate:   0.3621E-04
 ------------------------------------------------------------------------------


 NSTEP =       57   TIME(PS) =      55.114  TEMP(K) =   320.59  PRESS =   850.8
 Etot   =  -1426725.3048  EKtot   =      2640.9909  EPtot      =  -1429366.2957
 BOND   =       173.8399  ANGLE   =      1076.0492  DIHED      =       182.2031
 1-4 NB =         0.0000  1-4 EEL =      3138.6410  VDWAALS    =     -1142.7434
 EELEC  =     -3786.0538  EHBOND  =         0.0000  RESTRAINT  =         0.0000
 QUICKESCF=  -1429008.2316
 EKCMT  =       607.0925  VIRIAL  =      -111.8681  VOLUME     =     39139.8902
                                                    Density    =         0.8086
 Ewald error estimate:   0.8118E-04
 ------------------------------------------------------------------------------


 NSTEP =       58   TIME(PS) =      55.116  TEMP(K) =   319.17  PRESS =   888.3
 Etot   =  -1426724.5349  EKtot   =      2629.3262  EPtot      =  -1429353.8611
 BOND   =       173.5636  ANGLE   =      1096.5088  DIHED      =       180.3819
 1-4 NB =         0.0000  1-4 EEL =      3137.6469  VDWAALS    =     -1133.9617
 EELEC  =     -3797.6855  EHBOND  =         0.0000  RESTRAINT  =         0.0000
 QUICKESCF=  -1429010.3150
 EKCMT  =       603.4402  VIRIAL  =      -147.2569  VOLUME     =     39141.3735
                                                    Density    =         0.8085
 Ewald error estimate:   0.8503E-04
 ------------------------------------------------------------------------------


 NSTEP =       59   TIME(PS) =      55.118  TEMP(K) =   316.71  PRESS =   841.3
 Etot   =  -1426724.0201  EKtot   =      2609.0255  EPtot      =  -1429333.0456
 BOND   =       178.8979  ANGLE   =      1123.3185  DIHED      =       178.3329
 1-4 NB =         0.0000  1-4 EEL =      3136.2995  VDWAALS    =     -1128.2073
 EELEC  =     -3806.0955  EHBOND  =         0.0000  RESTRAINT  =         0.0000
 QUICKESCF=  -1429015.5916
 EKCMT  =       600.3084  VIRIAL  =      -110.7125  VOLUME     =     39142.9225
                                                    Density    =         0.8085
 Ewald error estimate:   0.2963E-04
 ------------------------------------------------------------------------------


 NSTEP =       60   TIME(PS) =      55.120  TEMP(K) =   315.94  PRESS =   711.2
 Etot   =  -1426723.8368  EKtot   =      2602.6423  EPtot      =  -1429326.4791
 BOND   =       185.9465  ANGLE   =      1139.2193  DIHED      =       176.4004
 1-4 NB =         0.0000  1-4 EEL =      3134.7377  VDWAALS    =     -1126.2240
 EELEC  =     -3811.2646  EHBOND  =         0.0000  RESTRAINT  =         0.0000
 QUICKESCF=  -1429025.2944
 EKCMT  =       597.3427  VIRIAL  =        -3.7252  VOLUME     =     39144.3895
                                                    Density    =         0.8085
 Ewald error estimate:   0.6257E-05
 ------------------------------------------------------------------------------


 NSTEP =       61   TIME(PS) =      55.122  TEMP(K) =   318.45  PRESS =   520.8
 Etot   =  -1426721.9680  EKtot   =      2623.3810  EPtot      =  -1429345.3490
 BOND   =       190.8815  ANGLE   =      1132.3439  DIHED      =       174.9437
 1-4 NB =         0.0000  1-4 EEL =      3133.0805  VDWAALS    =     -1126.5474
 EELEC  =     -3813.4117  EHBOND  =         0.0000  RESTRAINT  =         0.0000
 QUICKESCF=  -1429036.6394
 EKCMT  =       595.0965  VIRIAL  =       154.8843  VOLUME     =     39145.6293
                                                    Density    =         0.8084
 Ewald error estimate:   0.1118E-04
 ------------------------------------------------------------------------------


 NSTEP =       62   TIME(PS) =      55.124  TEMP(K) =   321.89  PRESS =   293.2
 Etot   =  -1426717.7861  EKtot   =      2651.7329  EPtot      =  -1429369.5190
 BOND   =       191.3336  ANGLE   =      1110.9738  DIHED      =       174.0937
 1-4 NB =         0.0000  1-4 EEL =      3131.8229  VDWAALS    =     -1126.4685
 EELEC  =     -3812.5020  EHBOND  =         0.0000  RESTRAINT  =         0.0000
 QUICKESCF=  -1429038.7724
 EKCMT  =       591.3441  VIRIAL  =       343.5145  VOLUME     =     39146.5369
                                                    Density    =         0.8084
 Ewald error estimate:   0.9436E-06
 ------------------------------------------------------------------------------


 NSTEP =       63   TIME(PS) =      55.126  TEMP(K) =   321.61  PRESS =    54.9
 Etot   =  -1426716.2388  EKtot   =      2649.3769  EPtot      =  -1429365.6158
 BOND   =       188.7655  ANGLE   =      1096.7034  DIHED      =       173.7592
 1-4 NB =         0.0000  1-4 EEL =      3131.5129  VDWAALS    =     -1124.5806
 EELEC  =     -3808.3014  EHBOND  =         0.0000  RESTRAINT  =         0.0000
 QUICKESCF=  -1429023.4747
 EKCMT  =       589.3558  VIRIAL  =       542.9410  VOLUME     =     39147.0471
                                                    Density    =         0.8084
 Ewald error estimate:   0.7380E-04
 ------------------------------------------------------------------------------


 NSTEP =       64   TIME(PS) =      55.128  TEMP(K) =   318.02  PRESS =  -142.2
 Etot   =  -1426714.8213  EKtot   =      2619.7949  EPtot      =  -1429334.6162
 BOND   =       185.8036  ANGLE   =      1096.5259  DIHED      =       173.6750
 1-4 NB =         0.0000  1-4 EEL =      3132.2501  VDWAALS    =     -1120.8971
 EELEC  =     -3802.9006  EHBOND  =         0.0000  RESTRAINT  =         0.0000
 QUICKESCF=  -1428999.0732
 EKCMT  =       587.3471  VIRIAL  =       707.5429  VOLUME     =     39147.1412
                                                    Density    =         0.8084
 Ewald error estimate:   0.2517E-04
 ------------------------------------------------------------------------------


 NSTEP =       65   TIME(PS) =      55.130  TEMP(K) =   314.89  PRESS =  -228.2
 Etot   =  -1426713.3752  EKtot   =      2594.0232  EPtot      =  -1429307.3984
 BOND   =       184.5160  ANGLE   =      1103.3158  DIHED      =       173.7158
 1-4 NB =         0.0000  1-4 EEL =      3134.0349  VDWAALS    =     -1116.4104
 EELEC  =     -3799.8020  EHBOND  =         0.0000  RESTRAINT  =         0.0000
 QUICKESCF=  -1428986.7687
 EKCMT  =       588.8354  VIRIAL  =       781.7540  VOLUME     =     39146.8912
                                                    Density    =         0.8084
 Ewald error estimate:   0.5701E-04
 ------------------------------------------------------------------------------


 NSTEP =       66   TIME(PS) =      55.132  TEMP(K) =   314.46  PRESS =  -186.2
 Etot   =  -1426714.4716  EKtot   =      2590.5163  EPtot      =  -1429304.9879
 BOND   =       184.5696  ANGLE   =      1110.0197  DIHED      =       173.5772
 1-4 NB =         0.0000  1-4 EEL =      3136.3346  VDWAALS    =     -1112.3872
 EELEC  =     -3800.4776  EHBOND  =         0.0000  RESTRAINT  =         0.0000
 QUICKESCF=  -1428996.6243
 EKCMT  =       588.0014  VIRIAL  =       745.3842  VOLUME     =     39146.4909
                                                    Density    =         0.8084
 Ewald error estimate:   0.7560E-04
 ------------------------------------------------------------------------------


 NSTEP =       67   TIME(PS) =      55.134  TEMP(K) =   316.01  PRESS =   -47.7
 Etot   =  -1426717.4696  EKtot   =      2603.2502  EPtot      =  -1429320.7198
 BOND   =       185.6435  ANGLE   =      1113.2915  DIHED      =       173.3174
 1-4 NB =         0.0000  1-4 EEL =      3138.8132  VDWAALS    =     -1108.1439
 EELEC  =     -3806.1960  EHBOND  =         0.0000  RESTRAINT  =         0.0000
 QUICKESCF=  -1429017.4455
 EKCMT  =       587.6540  VIRIAL  =       627.9338  VOLUME     =     39146.1641
                                                    Density    =         0.8084
 Ewald error estimate:   0.1340E-03
 ------------------------------------------------------------------------------


 NSTEP =       68   TIME(PS) =      55.136  TEMP(K) =   317.61  PRESS =   131.9
 Etot   =  -1426720.1406  EKtot   =      2616.4381  EPtot      =  -1429336.5787
 BOND   =       187.4137  ANGLE   =      1114.6450  DIHED      =       172.8753
 1-4 NB =         0.0000  1-4 EEL =      3140.8910  VDWAALS    =     -1104.6954
 EELEC  =     -3814.2030  EHBOND  =         0.0000  RESTRAINT  =         0.0000
 QUICKESCF=  -1429033.5053
 EKCMT  =       587.7439  VIRIAL  =       476.2541  VOLUME     =     39146.0791
                                                    Density    =         0.8084
 Ewald error estimate:   0.1025E-03
 ------------------------------------------------------------------------------


 NSTEP =       69   TIME(PS) =      55.138  TEMP(K) =   319.30  PRESS =   328.0
 Etot   =  -1426719.7697  EKtot   =      2630.3399  EPtot      =  -1429350.1096
 BOND   =       188.6755  ANGLE   =      1113.7146  DIHED      =       172.1973
 1-4 NB =         0.0000  1-4 EEL =      3142.0230  VDWAALS    =     -1102.8069
 EELEC  =     -3821.9713  EHBOND  =         0.0000  RESTRAINT  =         0.0000
 QUICKESCF=  -1429041.9417
 EKCMT  =       588.3973  VIRIAL  =       311.1707  VOLUME     =     39146.3077
                                                    Density    =         0.8084
 Ewald error estimate:   0.9942E-04
 ------------------------------------------------------------------------------


 NSTEP =       70   TIME(PS) =      55.140  TEMP(K) =   319.53  PRESS =   542.0
 Etot   =  -1426723.8909  EKtot   =      2632.2978  EPtot      =  -1429356.1887
 BOND   =       190.3846  ANGLE   =      1115.3697  DIHED      =       171.4664
 1-4 NB =         0.0000  1-4 EEL =      3141.9335  VDWAALS    =     -1102.4905
 EELEC  =     -3827.0305  EHBOND  =         0.0000  RESTRAINT  =         0.0000
 QUICKESCF=  -1429045.8218
 EKCMT  =       591.3384  VIRIAL  =       133.2580  VOLUME     =     39146.8786
                                                    Density    =         0.8084
 Ewald error estimate:   0.5562E-04
 ------------------------------------------------------------------------------


 NSTEP =       71   TIME(PS) =      55.142  TEMP(K) =   318.33  PRESS =   746.8
 Etot   =  -1426731.5091  EKtot   =      2622.3471  EPtot      =  -1429353.8562
 BOND   =       191.9207  ANGLE   =      1117.8621  DIHED      =       170.9208
 1-4 NB =         0.0000  1-4 EEL =      3140.6806  VDWAALS    =     -1101.9567
 EELEC  =     -3828.8926  EHBOND  =         0.0000  RESTRAINT  =         0.0000
 QUICKESCF=  -1429044.3911
 EKCMT  =       589.4662  VIRIAL  =       -41.7974  VOLUME     =     39147.8231
                                                    Density    =         0.8084
 Ewald error estimate:   0.6043E-04
 ------------------------------------------------------------------------------


 NSTEP =       72   TIME(PS) =      55.144  TEMP(K) =   318.25  PRESS =   926.0
 Etot   =  -1426735.0245  EKtot   =      2621.7378  EPtot      =  -1429356.7623
 BOND   =       192.0108  ANGLE   =      1109.6344  DIHED      =       170.6269
 1-4 NB =         0.0000  1-4 EEL =      3138.5777  VDWAALS    =     -1100.6103
 EELEC  =     -3828.1124  EHBOND  =         0.0000  RESTRAINT  =         0.0000
 QUICKESCF=  -1429038.8893
 EKCMT  =       589.0120  VIRIAL  =      -193.7440  VOLUME     =     39149.1253
                                                    Density    =         0.8084
 Ewald error estimate:   0.2144E-04
 ------------------------------------------------------------------------------


 NSTEP =       73   TIME(PS) =      55.146  TEMP(K) =   319.46  PRESS =  1056.1
 Etot   =  -1426736.8121  EKtot   =      2631.7061  EPtot      =  -1429368.5182
 BOND   =       190.0996  ANGLE   =      1093.1304  DIHED      =       170.6925
 1-4 NB =         0.0000  1-4 EEL =      3136.1964  VDWAALS    =     -1098.3373
 EELEC  =     -3826.5573  EHBOND  =         0.0000  RESTRAINT  =         0.0000
 QUICKESCF=  -1429033.7425
 EKCMT  =       587.0457  VIRIAL  =      -305.7049  VOLUME     =     39150.7405
                                                    Density    =         0.8083
 Ewald error estimate:   0.7693E-04
 ------------------------------------------------------------------------------


 NSTEP =       74   TIME(PS) =      55.148  TEMP(K) =   320.05  PRESS =  1123.8
 Etot   =  -1426734.8876  EKtot   =      2636.5213  EPtot      =  -1429371.4089
 BOND   =       188.0810  ANGLE   =      1085.8068  DIHED      =       171.1181
 1-4 NB =         0.0000  1-4 EEL =      3134.0383  VDWAALS    =     -1094.5808
 EELEC  =     -3825.8475  EHBOND  =         0.0000  RESTRAINT  =         0.0000
 QUICKESCF=  -1429030.0248
 EKCMT  =       587.4729  VIRIAL  =      -362.5758  VOLUME     =     39152.5828
                                                    Density    =         0.8083
 Ewald error estimate:   0.7611E-04
 ------------------------------------------------------------------------------


 NSTEP =       75   TIME(PS) =      55.150  TEMP(K) =   318.26  PRESS =  1127.7
 Etot   =  -1426727.8626  EKtot   =      2621.7807  EPtot      =  -1429349.6433
 BOND   =       188.0324  ANGLE   =      1099.2872  DIHED      =       171.8648
 1-4 NB =         0.0000  1-4 EEL =      3132.2942  VDWAALS    =     -1088.7885
 EELEC  =     -3827.3196  EHBOND  =         0.0000  RESTRAINT  =         0.0000
 QUICKESCF=  -1429025.0139
 EKCMT  =       586.8990  VIRIAL  =      -366.4679  VOLUME     =     39154.5435
                                                    Density    =         0.8082
 Ewald error estimate:   0.1645E-04
 ------------------------------------------------------------------------------


 NSTEP =       76   TIME(PS) =      55.152  TEMP(K) =   314.80  PRESS =  1083.8
 Etot   =  -1426722.5427  EKtot   =      2593.2984  EPtot      =  -1429315.8411
 BOND   =       189.5137  ANGLE   =      1123.6715  DIHED      =       172.7582
 1-4 NB =         0.0000  1-4 EEL =      3131.4115  VDWAALS    =     -1082.1468
 EELEC  =     -3831.8608  EHBOND  =         0.0000  RESTRAINT  =         0.0000
 QUICKESCF=  -1429019.1884
 EKCMT  =       589.6302  VIRIAL  =      -326.6206  VOLUME     =     39156.5111
                                                    Density    =         0.8082
 Ewald error estimate:   0.3326E-06
 ------------------------------------------------------------------------------


 NSTEP =       77   TIME(PS) =      55.154  TEMP(K) =   313.07  PRESS =   984.5
 Etot   =  -1426725.0041  EKtot   =      2579.0008  EPtot      =  -1429304.0049
 BOND   =       192.1849  ANGLE   =      1130.8626  DIHED      =       173.5329
 1-4 NB =         0.0000  1-4 EEL =      3131.4646  VDWAALS    =     -1078.0212
 EELEC  =     -3839.2843  EHBOND  =         0.0000  RESTRAINT  =         0.0000
 QUICKESCF=  -1429014.7444
 EKCMT  =       588.3796  VIRIAL  =      -243.9956  VOLUME     =     39158.4020
                                                    Density    =         0.8082
 Ewald error estimate:   0.1825E-04
 ------------------------------------------------------------------------------


 NSTEP =       78   TIME(PS) =      55.156  TEMP(K) =   315.56  PRESS =   896.6
 Etot   =  -1426727.7422  EKtot   =      2599.5913  EPtot      =  -1429327.3335
 BOND   =       194.7443  ANGLE   =      1112.2067  DIHED      =       174.3308
 1-4 NB =         0.0000  1-4 EEL =      3132.2304  VDWAALS    =     -1076.7247
 EELEC  =     -3849.5148  EHBOND  =         0.0000  RESTRAINT  =         0.0000
 QUICKESCF=  -1429014.6062
 EKCMT  =       588.8315  VIRIAL  =      -169.2750  VOLUME     =     39160.1197
                                                    Density    =         0.8081
 Ewald error estimate:   0.3272E-04
 ------------------------------------------------------------------------------


 NSTEP =       79   TIME(PS) =      55.158  TEMP(K) =   320.19  PRESS =   903.1
 Etot   =  -1426727.0407  EKtot   =      2637.6976  EPtot      =  -1429364.7383
 BOND   =       195.9663  ANGLE   =      1085.2673  DIHED      =       175.3709
 1-4 NB =         0.0000  1-4 EEL =      3133.4226  VDWAALS    =     -1074.4565
 EELEC  =     -3860.2228  EHBOND  =         0.0000  RESTRAINT  =         0.0000
 QUICKESCF=  -1429020.0861
 EKCMT  =       588.8918  VIRIAL  =      -174.7265  VOLUME     =     39161.6839
                                                    Density    =         0.8081
 Ewald error estimate:   0.3972E-04
 ------------------------------------------------------------------------------


 NSTEP =       80   TIME(PS) =      55.160  TEMP(K) =   323.07  PRESS =  1005.7
 Etot   =  -1426727.2341  EKtot   =      2661.4578  EPtot      =  -1429388.6920
 BOND   =       197.6031  ANGLE   =      1072.0155  DIHED      =       176.7474
 1-4 NB =         0.0000  1-4 EEL =      3134.9471  VDWAALS    =     -1070.0407
 EELEC  =     -3869.7128  EHBOND  =         0.0000  RESTRAINT  =         0.0000
 QUICKESCF=  -1429030.2515
 EKCMT  =       587.4479  VIRIAL  =      -262.9821  VOLUME     =     39163.2595
                                                    Density    =         0.8081
 Ewald error estimate:   0.2612E-04
 ------------------------------------------------------------------------------


 NSTEP =       81   TIME(PS) =      55.162  TEMP(K) =   322.95  PRESS =  1123.9
 Etot   =  -1426723.5243  EKtot   =      2660.4167  EPtot      =  -1429383.9409
 BOND   =       198.0967  ANGLE   =      1084.9323  DIHED      =       178.6993
 1-4 NB =         0.0000  1-4 EEL =      3136.4529  VDWAALS    =     -1066.3114
 EELEC  =     -3875.9894  EHBOND  =         0.0000  RESTRAINT  =         0.0000
 QUICKESCF=  -1429039.8215
 EKCMT  =       587.0577  VIRIAL  =      -363.3653  VOLUME     =     39165.0145
                                                    Density    =         0.8080
 Ewald error estimate:   0.6746E-04
 ------------------------------------------------------------------------------


 NSTEP =       82   TIME(PS) =      55.164  TEMP(K) =   320.73  PRESS =  1195.6
 Etot   =  -1426719.4450  EKtot   =      2642.1483  EPtot      =  -1429361.5933
 BOND   =       197.0949  ANGLE   =      1111.8775  DIHED      =       180.7386
 1-4 NB =         0.0000  1-4 EEL =      3137.4923  VDWAALS    =     -1064.9384
 EELEC  =     -3878.0595  EHBOND  =         0.0000  RESTRAINT  =         0.0000
 QUICKESCF=  -1429045.7986
 EKCMT  =       589.3473  VIRIAL  =      -421.7691  VOLUME     =     39166.9760
                                                    Density    =         0.8080
 Ewald error estimate:   0.8046E-04
 ------------------------------------------------------------------------------


 NSTEP =       83   TIME(PS) =      55.166  TEMP(K) =   318.91  PRESS =  1194.3
 Etot   =  -1426717.2374  EKtot   =      2627.1904  EPtot      =  -1429344.4277
 BOND   =       194.6627  ANGLE   =      1127.8452  DIHED      =       182.7145
 1-4 NB =         0.0000  1-4 EEL =      3137.8463  VDWAALS    =     -1065.0671
 EELEC  =     -3875.1866  EHBOND  =         0.0000  RESTRAINT  =         0.0000
 QUICKESCF=  -1429047.2428
 EKCMT  =       587.2014  VIRIAL  =      -422.8435  VOLUME     =     39169.0629
                                                    Density    =         0.8079
 Ewald error estimate:   0.1674E-03
 ------------------------------------------------------------------------------


 NSTEP =       84   TIME(PS) =      55.168  TEMP(K) =   318.36  PRESS =  1119.3
 Etot   =  -1426717.4168  EKtot   =      2622.6566  EPtot      =  -1429340.0734
 BOND   =       192.4505  ANGLE   =      1123.6924  DIHED      =       184.4084
 1-4 NB =         0.0000  1-4 EEL =      3137.5423  VDWAALS    =     -1065.3926
 EELEC  =     -3869.0588  EHBOND  =         0.0000  RESTRAINT  =         0.0000
 QUICKESCF=  -1429043.7156
 EKCMT  =       588.3920  VIRIAL  =      -358.2469  VOLUME     =     39171.1475
                                                    Density    =         0.8079
 Ewald error estimate:   0.1391E-03
 ------------------------------------------------------------------------------


 NSTEP =       85   TIME(PS) =      55.170  TEMP(K) =   318.39  PRESS =   969.3
 Etot   =  -1426719.0183  EKtot   =      2622.8734  EPtot      =  -1429341.8917
 BOND   =       192.2919  ANGLE   =      1108.1854  DIHED      =       185.8268
 1-4 NB =         0.0000  1-4 EEL =      3136.9745  VDWAALS    =     -1065.0102
 EELEC  =     -3861.4230  EHBOND  =         0.0000  RESTRAINT  =         0.0000
 QUICKESCF=  -1429038.7372
 EKCMT  =       585.1019  VIRIAL  =      -234.7094  VOLUME     =     39173.1012
                                                    Density    =         0.8079
 Ewald error estimate:   0.2731E-03
 ------------------------------------------------------------------------------


 NSTEP =       86   TIME(PS) =      55.172  TEMP(K) =   318.36  PRESS =   774.7
 Etot   =  -1426721.1353  EKtot   =      2622.6075  EPtot      =  -1429343.7428
 BOND   =       194.3868  ANGLE   =      1093.9186  DIHED      =       187.1183
 1-4 NB =         0.0000  1-4 EEL =      3136.4644  VDWAALS    =     -1064.1165
 EELEC  =     -3853.7983  EHBOND  =         0.0000  RESTRAINT  =         0.0000
 QUICKESCF=  -1429037.7162
 EKCMT  =       583.0951  VIRIAL  =       -72.1871  VOLUME     =     39174.7929
                                                    Density    =         0.8078
 Ewald error estimate:   0.1767E-03
 ------------------------------------------------------------------------------


 NSTEP =       87   TIME(PS) =      55.174  TEMP(K) =   317.26  PRESS =   549.6
 Etot   =  -1426725.8849  EKtot   =      2613.5302  EPtot      =  -1429339.4151
 BOND   =       196.2455  ANGLE   =      1088.1087  DIHED      =       188.1228
 1-4 NB =         0.0000  1-4 EEL =      3136.2802  VDWAALS    =     -1063.7106
 EELEC  =     -3848.0560  EHBOND  =         0.0000  RESTRAINT  =         0.0000
 QUICKESCF=  -1429036.4057
 EKCMT  =       581.0941  VIRIAL  =       116.2486  VOLUME     =     39176.1447
                                                    Density    =         0.8078
 Ewald error estimate:   0.1470E-03
 ------------------------------------------------------------------------------


 NSTEP =       88   TIME(PS) =      55.176  TEMP(K) =   316.20  PRESS =   307.9
 Etot   =  -1426728.2609  EKtot   =      2604.8123  EPtot      =  -1429333.0732
 BOND   =       195.5513  ANGLE   =      1084.4343  DIHED      =       188.5787
 1-4 NB =         0.0000  1-4 EEL =      3136.5393  VDWAALS    =     -1064.0693
 EELEC  =     -3846.7562  EHBOND  =         0.0000  RESTRAINT  =         0.0000
 QUICKESCF=  -1429027.3512
 EKCMT  =       576.3113  VIRIAL  =       315.8736  VOLUME     =     39177.1032
                                                    Density    =         0.8078
 Ewald error estimate:   0.6438E-04
 ------------------------------------------------------------------------------


 NSTEP =       89   TIME(PS) =      55.178  TEMP(K) =   316.22  PRESS =   102.8
 Etot   =  -1426728.7601  EKtot   =      2605.0083  EPtot      =  -1429333.7684
 BOND   =       191.9146  ANGLE   =      1082.7017  DIHED      =       188.3859
 1-4 NB =         0.0000  1-4 EEL =      3137.3388  VDWAALS    =     -1064.5382
 EELEC  =     -3852.5931  EHBOND  =         0.0000  RESTRAINT  =         0.0000
 QUICKESCF=  -1429016.9780
 EKCMT  =       574.2118  VIRIAL  =       487.2513  VOLUME     =     39177.6394
                                                    Density    =         0.8078
 Ewald error estimate:   0.2732E-04
 ------------------------------------------------------------------------------


 NSTEP =       90   TIME(PS) =      55.180  TEMP(K) =   317.98  PRESS =     1.0
 Etot   =  -1426728.5890  EKtot   =      2619.5035  EPtot      =  -1429348.0925
 BOND   =       187.7951  ANGLE   =      1085.1681  DIHED      =       187.5463
 1-4 NB =         0.0000  1-4 EEL =      3138.1874  VDWAALS    =     -1065.4763
 EELEC  =     -3864.9062  EHBOND  =         0.0000  RESTRAINT  =         0.0000
 QUICKESCF=  -1429016.4070
 EKCMT  =       573.1871  VIRIAL  =       572.3719  VOLUME     =     39177.8173
                                                    Density    =         0.8078
 Ewald error estimate:   0.2162E-03
 ------------------------------------------------------------------------------


 NSTEP =       91   TIME(PS) =      55.182  TEMP(K) =   320.22  PRESS =    56.6
 Etot   =  -1426727.2365  EKtot   =      2637.9046  EPtot      =  -1429365.1412
 BOND   =       186.1916  ANGLE   =      1099.2182  DIHED      =       186.1689
 1-4 NB =         0.0000  1-4 EEL =      3138.6049  VDWAALS    =     -1066.4117
 EELEC  =     -3880.6981  EHBOND  =         0.0000  RESTRAINT  =         0.0000
 QUICKESCF=  -1429028.2150
 EKCMT  =       571.7103  VIRIAL  =       523.7987  VOLUME     =     39177.8172
                                                    Density    =         0.8078
 Ewald error estimate:   0.2154E-03
 ------------------------------------------------------------------------------


 NSTEP =       92   TIME(PS) =      55.184  TEMP(K) =   320.61  PRESS =   277.1
 Etot   =  -1426728.2369  EKtot   =      2641.1325  EPtot      =  -1429369.3695
 BOND   =       188.8489  ANGLE   =      1124.7887  DIHED      =       184.6038
 1-4 NB =         0.0000  1-4 EEL =      3138.2996  VDWAALS    =     -1067.0176
 EELEC  =     -3895.4535  EHBOND  =         0.0000  RESTRAINT  =         0.0000
 QUICKESCF=  -1429043.4394
 EKCMT  =       574.1358  VIRIAL  =       339.7525  VOLUME     =     39177.9144
                                                    Density    =         0.8078
 Ewald error estimate:   0.2584E-03
 ------------------------------------------------------------------------------


 NSTEP =       93   TIME(PS) =      55.186  TEMP(K) =   319.68  PRESS =   566.5
 Etot   =  -1426730.7035  EKtot   =      2633.5328  EPtot      =  -1429364.2363
 BOND   =       193.9530  ANGLE   =      1145.6582  DIHED      =       183.0001
 1-4 NB =         0.0000  1-4 EEL =      3137.3306  VDWAALS    =     -1067.0369
 EELEC  =     -3905.7891  EHBOND  =         0.0000  RESTRAINT  =         0.0000
 QUICKESCF=  -1429051.3522
 EKCMT  =       572.8457  VIRIAL  =        93.6501  VOLUME     =     39178.3969
                                                    Density    =         0.8078
 Ewald error estimate:   0.2333E-03
 ------------------------------------------------------------------------------


 NSTEP =       94   TIME(PS) =      55.188  TEMP(K) =   320.44  PRESS =   844.8
 Etot   =  -1426730.7212  EKtot   =      2639.7703  EPtot      =  -1429370.4915
 BOND   =       196.5472  ANGLE   =      1142.9689  DIHED      =       181.5116
 1-4 NB =         0.0000  1-4 EEL =      3135.6124  VDWAALS    =     -1066.9390
 EELEC  =     -3909.7060  EHBOND  =         0.0000  RESTRAINT  =         0.0000
 QUICKESCF=  -1429050.4866
 EKCMT  =       572.3332  VIRIAL  =      -142.3422  VOLUME     =     39179.3850
                                                    Density    =         0.8077
 Ewald error estimate:   0.1947E-03
 ------------------------------------------------------------------------------


 NSTEP =       95   TIME(PS) =      55.190  TEMP(K) =   322.53  PRESS =  1066.9
 Etot   =  -1426733.6885  EKtot   =      2656.9373  EPtot      =  -1429390.6258
 BOND   =       193.6919  ANGLE   =      1117.3606  DIHED      =       180.1458
 1-4 NB =         0.0000  1-4 EEL =      3133.5183  VDWAALS    =     -1066.7565
 EELEC  =     -3907.1360  EHBOND  =         0.0000  RESTRAINT  =         0.0000
 QUICKESCF=  -1429041.4499
 EKCMT  =       575.1307  VIRIAL  =      -327.3977  VOLUME     =     39180.8595
                                                    Density    =         0.8077
 Ewald error estimate:   0.2226E-03
 ------------------------------------------------------------------------------


 NSTEP =       96   TIME(PS) =      55.192  TEMP(K) =   323.06  PRESS =  1215.6
 Etot   =  -1426740.8605  EKtot   =      2661.3054  EPtot      =  -1429402.1658
 BOND   =       187.7877  ANGLE   =      1089.3120  DIHED      =       179.0602
 1-4 NB =         0.0000  1-4 EEL =      3131.5279  VDWAALS    =     -1066.1543
 EELEC  =     -3900.3406  EHBOND  =         0.0000  RESTRAINT  =         0.0000
 QUICKESCF=  -1429023.3586
 EKCMT  =       574.7102  VIRIAL  =      -453.6743  VOLUME     =     39182.7220
                                                    Density    =         0.8077
 Ewald error estimate:   0.2161E-03
 ------------------------------------------------------------------------------


 NSTEP =       97   TIME(PS) =      55.194  TEMP(K) =   321.06  PRESS =  1315.4
 Etot   =  -1426741.6931  EKtot   =      2644.8765  EPtot      =  -1429386.5696
 BOND   =       182.4718  ANGLE   =      1080.6566  DIHED      =       178.2611
 1-4 NB =         0.0000  1-4 EEL =      3130.0613  VDWAALS    =     -1064.2945
 EELEC  =     -3892.0620  EHBOND  =         0.0000  RESTRAINT  =         0.0000
 QUICKESCF=  -1429001.6639
 EKCMT  =       574.6309  VIRIAL  =      -538.2704  VOLUME     =     39184.8446
                                                    Density    =         0.8076
 Ewald error estimate:   0.1058E-03
 ------------------------------------------------------------------------------


 NSTEP =       98   TIME(PS) =      55.196  TEMP(K) =   316.61  PRESS =  1396.3
 Etot   =  -1426740.3775  EKtot   =      2608.2370  EPtot      =  -1429348.6146
 BOND   =       182.1893  ANGLE   =      1096.6629  DIHED      =       177.5963
 1-4 NB =         0.0000  1-4 EEL =      3129.5129  VDWAALS    =     -1060.6180
 EELEC  =     -3884.8780  EHBOND  =         0.0000  RESTRAINT  =         0.0000
 QUICKESCF=  -1428989.0801
 EKCMT  =       577.9985  VIRIAL  =      -603.4461  VOLUME     =     39187.1417
                                                    Density    =         0.8076
 Ewald error estimate:   0.1450E-03
 ------------------------------------------------------------------------------


 NSTEP =       99   TIME(PS) =      55.198  TEMP(K) =   312.34  PRESS =  1427.8
 Etot   =  -1426739.9240  EKtot   =      2573.0220  EPtot      =  -1429312.9460
 BOND   =       187.0773  ANGLE   =      1123.0040  DIHED      =       176.9231
 1-4 NB =         0.0000  1-4 EEL =      3129.9829  VDWAALS    =     -1057.0906
 EELEC  =     -3880.3494  EHBOND  =         0.0000  RESTRAINT  =         0.0000
 QUICKESCF=  -1428992.4933
 EKCMT  =       576.3036  VIRIAL  =      -631.8485  VOLUME     =     39189.5804
                                                    Density    =         0.8075
 Ewald error estimate:   0.1835E-04
 ------------------------------------------------------------------------------


 NSTEP =      100   TIME(PS) =      55.200  TEMP(K) =   311.29  PRESS =  1387.5
 Etot   =  -1426742.8518  EKtot   =      2564.3770  EPtot      =  -1429307.2288
 BOND   =       194.2570  ANGLE   =      1130.5009  DIHED      =       176.1220
 1-4 NB =         0.0000  1-4 EEL =      3131.5036  VDWAALS    =     -1056.3142
 EELEC  =     -3877.5805  EHBOND  =         0.0000  RESTRAINT  =         0.0000
 QUICKESCF=  -1429005.7176
 EKCMT  =       574.9460  VIRIAL  =      -599.1654  VOLUME     =     39192.0743
                                                    Density    =         0.8075
 Ewald error estimate:   0.1777E-03
 ------------------------------------------------------------------------------


      A V E R A G E S   O V E R     100 S T E P S


 NSTEP =      100   TIME(PS) =      55.200  TEMP(K) =   315.02  PRESS =   396.1
 Etot   =  -1426721.9625  EKtot   =      2595.0836  EPtot      =  -1429317.0460
 BOND   =       188.1457  ANGLE   =      1104.7696  DIHED      =       183.5740
 1-4 NB =         0.0000  1-4 EEL =      3135.4749  VDWAALS    =     -1135.1996
 EELEC  =     -3777.5884  EHBOND  =         0.0000  RESTRAINT  =         0.0000
 QUICKESCF=  -1429016.2222
 EKCMT  =       588.6396  VIRIAL  =       253.7340  VOLUME     =     39144.3695
                                                    Density    =         0.8085
 Ewald error estimate:   0.1620E-03
 ------------------------------------------------------------------------------


      R M S  F L U C T U A T I O N S


 NSTEP =      100   TIME(PS) =      55.200  TEMP(K) =     5.35  PRESS =   501.7
 Etot   =        10.1346  EKtot   =        44.0974  EPtot      =        51.5484
 BOND   =         7.6514  ANGLE   =        20.8254  DIHED      =         7.7602
 1-4 NB =         0.0000  1-4 EEL =         3.5814  VDWAALS    =        46.5959
 EELEC  =        69.0087  EHBOND  =         0.0000  RESTRAINT  =         0.0000
 QUICKESCF=        28.9632
 EKCMT  =        26.2270  VIRIAL  =       423.2397  VOLUME     =        19.3608
                                                    Density    =         0.0004
 Ewald error estimate:   0.1240E-03
 ------------------------------------------------------------------------------


--------------------------------------------------------------------------------
   5.  TIMINGS
--------------------------------------------------------------------------------

|                Build the list             0.12 (95.32% of List )
|                Other                      0.01 ( 4.68% of List )
|             List time                  0.13 (37.57% of Nonbo)
|                Adjust Ewald time          0.01 ( 6.55% of Ewald)
|                Self Ewald time            0.00 ( 0.09% of Ewald)
|                   Fill Bspline coeffs        0.01 ( 5.53% of Recip)
|                   Fill charge grid           0.03 (15.33% of Recip)
|                   Scalar sum                 0.04 (19.06% of Recip)
|                   Grad sum                   0.04 (22.07% of Recip)
|                   FFT time                   0.07 (37.37% of Recip)
|                   Other                      0.00 ( 0.64% of Recip)
|                Recip Ewald time           0.20 (92.72% of Ewald)
|                Force Adjust               0.00 ( 0.10% of Ewald)
|                Virial junk                0.00 ( 0.53% of Ewald)
|                Start synchronizatio       0.00 ( 0.01% of Ewald)
|             Ewald time                 0.21 (62.41% of Nonbo)
|             IPS excludes               0.00 ( 0.01% of Nonbo)
|          Nonbond force              0.34 ( 0.01% of Force)
|          QMMM                    2822.42 (100.0% of Force)
|       Force time              2822.78 (100.0% of Runmd)
|    Runmd Time              2822.88 (100.0% of Total)
| Total time              2822.59 (100.0% of ALL  )

| Number of list builds   :          9

| Highest rstack allocated:     204115
| Highest istack allocated:       3551

| Final Performance Info:
| -----------------------------------------------------
| Average timings for all steps:
|     Elapsed(s) =    2822.53 Per Step(ms) =   28225.32
|         ns/day =       0.01   seconds/ns = **********
| -----------------------------------------------------

|           Job began  at 02:27:48.958  on 05/06/2025
|           Setup done at 02:27:49.014  on 05/06/2025
|           Run   done at 03:14:51.546  on 05/06/2025
|     wallclock() was called    4931 times

|3D-RISM memory allocation summary
|Type          Maximum        Current   
|Integer       0.00000 GB     0.00000 GB
|Real          0.00000 GB     0.00000 GB
|Logical       0.00000 GB     0.00000 GB
|Character     0.00000 GB     0.00000 GB
|---------------------------------------
|Total         0.00000 GB     0.00000 GB
